[0.007s] Invoking command in '/home/olin/github/meu_workspace/build/turtlesim': CMAKE_PREFIX_PATH=${CMAKE_PREFIX_PATH}:/opt/ros/humble /usr/bin/cmake --build /home/olin/github/meu_workspace/build/turtlesim -- -j8 -l8
[0.040s] [35m[1mConsolidate compiler generated dependencies of target turtlesim__rosidl_generator_c[0m
[0.046s] [  1%] Built target turtlesim__cpp
[0.049s] [ 11%] Built target turtlesim__rosidl_generator_c
[0.054s] [ 11%] Built target ament_cmake_python_copy_turtlesim
[0.055s] [35m[1mConsolidate compiler generated dependencies of target turtlesim__rosidl_typesupport_fastrtps_cpp[0m
[0.056s] [35m[1mConsolidate compiler generated dependencies of target turtlesim__rosidl_typesupport_cpp[0m
[0.056s] [35m[1mConsolidate compiler generated dependencies of target turtlesim__rosidl_typesupport_introspection_cpp[0m
[0.059s] [35m[1mConsolidate compiler generated dependencies of target turtlesim__rosidl_typesupport_introspection_c[0m
[0.059s] [35m[1mConsolidate compiler generated dependencies of target turtlesim__rosidl_typesupport_c[0m
[0.060s] [35m[1mConsolidate compiler generated dependencies of target turtlesim__rosidl_typesupport_fastrtps_c[0m
[0.071s] [ 21%] Built target turtlesim__rosidl_typesupport_cpp
[0.072s] [ 31%] Built target turtlesim__rosidl_typesupport_c
[0.072s] [ 41%] Built target turtlesim__rosidl_typesupport_introspection_c
[0.074s] [ 61%] Built target turtlesim__rosidl_typesupport_introspection_cpp
[0.075s] [ 61%] Built target turtlesim__rosidl_typesupport_fastrtps_cpp
[0.076s] [ 71%] Built target turtlesim__rosidl_typesupport_fastrtps_c
[0.081s] [35m[1mConsolidate compiler generated dependencies of target mimic[0m
[0.082s] [35m[1mConsolidate compiler generated dependencies of target turtle_teleop_key[0m
[0.082s] [35m[1mConsolidate compiler generated dependencies of target draw_square[0m
[0.086s] [35m[1mConsolidate compiler generated dependencies of target turtlesim_node[0m
[0.095s] [ 71%] Built target turtlesim
[0.096s] [ 73%] Built target mimic
[0.097s] [ 74%] [32mBuilding CXX object CMakeFiles/turtle_teleop_key.dir/tutorials/teleop_turtle_key.cpp.o[0m
[0.099s] [ 76%] Built target draw_square
[0.107s] [ 82%] Built target turtlesim_node
[0.110s] [ 83%] Built target turtlesim__py
[0.118s] [35m[1mConsolidate compiler generated dependencies of target turtlesim__rosidl_generator_py[0m
[0.131s] [ 92%] Built target turtlesim__rosidl_generator_py
[0.139s] [35m[1mConsolidate compiler generated dependencies of target turtlesim__rosidl_typesupport_fastrtps_c__pyext[0m
[0.139s] [35m[1mConsolidate compiler generated dependencies of target turtlesim__rosidl_typesupport_introspection_c__pyext[0m
[0.141s] [35m[1mConsolidate compiler generated dependencies of target turtlesim__rosidl_typesupport_c__pyext[0m
[0.148s] [ 94%] Built target turtlesim__rosidl_typesupport_fastrtps_c__pyext
[0.148s] [ 96%] Built target turtlesim__rosidl_typesupport_introspection_c__pyext
[0.154s] [ 98%] Built target turtlesim__rosidl_typesupport_c__pyext
[0.226s] running egg_info
[0.227s] writing turtlesim.egg-info/PKG-INFO
[0.227s] writing dependency_links to turtlesim.egg-info/dependency_links.txt
[0.227s] writing top-level names to turtlesim.egg-info/top_level.txt
[0.229s] reading manifest file 'turtlesim.egg-info/SOURCES.txt'
[0.230s] writing manifest file 'turtlesim.egg-info/SOURCES.txt'
[0.248s] [ 98%] Built target ament_cmake_python_build_turtlesim_egg
[3.700s] [100%] [32m[1mLinking CXX executable turtle_teleop_key[0m
[3.857s] [100%] Built target turtle_teleop_key
[3.866s] Invoked command in '/home/olin/github/meu_workspace/build/turtlesim' returned '0': CMAKE_PREFIX_PATH=${CMAKE_PREFIX_PATH}:/opt/ros/humble /usr/bin/cmake --build /home/olin/github/meu_workspace/build/turtlesim -- -j8 -l8
[4.172s] Invoking command in '/home/olin/github/meu_workspace/build/turtlesim': CMAKE_PREFIX_PATH=${CMAKE_PREFIX_PATH}:/opt/ros/humble /usr/bin/cmake --install /home/olin/github/meu_workspace/build/turtlesim
[4.180s] -- Install configuration: ""
[4.180s] -- Up-to-date: /home/olin/github/meu_workspace/install/turtlesim/share/ament_index/resource_index/rosidl_interfaces/turtlesim
[4.180s] -- Up-to-date: /home/olin/github/meu_workspace/install/turtlesim/include/turtlesim/turtlesim
[4.180s] -- Up-to-date: /home/olin/github/meu_workspace/install/turtlesim/include/turtlesim/turtlesim/msg
[4.180s] -- Up-to-date: /home/olin/github/meu_workspace/install/turtlesim/include/turtlesim/turtlesim/msg/pose.h
[4.180s] -- Up-to-date: /home/olin/github/meu_workspace/install/turtlesim/include/turtlesim/turtlesim/msg/rosidl_generator_c__visibility_control.h
[4.180s] -- Up-to-date: /home/olin/github/meu_workspace/install/turtlesim/include/turtlesim/turtlesim/msg/color.h
[4.180s] -- Up-to-date: /home/olin/github/meu_workspace/install/turtlesim/include/turtlesim/turtlesim/msg/detail
[4.180s] -- Up-to-date: /home/olin/github/meu_workspace/install/turtlesim/include/turtlesim/turtlesim/msg/detail/pose__functions.h
[4.180s] -- Up-to-date: /home/olin/github/meu_workspace/install/turtlesim/include/turtlesim/turtlesim/msg/detail/pose__functions.c
[4.180s] -- Up-to-date: /home/olin/github/meu_workspace/install/turtlesim/include/turtlesim/turtlesim/msg/detail/color__functions.h
[4.181s] -- Up-to-date: /home/olin/github/meu_workspace/install/turtlesim/include/turtlesim/turtlesim/msg/detail/pose__struct.h
[4.181s] -- Up-to-date: /home/olin/github/meu_workspace/install/turtlesim/include/turtlesim/turtlesim/msg/detail/pose__type_support.h
[4.181s] -- Up-to-date: /home/olin/github/meu_workspace/install/turtlesim/include/turtlesim/turtlesim/msg/detail/color__struct.h
[4.181s] -- Up-to-date: /home/olin/github/meu_workspace/install/turtlesim/include/turtlesim/turtlesim/msg/detail/color__functions.c
[4.181s] -- Up-to-date: /home/olin/github/meu_workspace/install/turtlesim/include/turtlesim/turtlesim/msg/detail/color__type_support.h
[4.181s] -- Up-to-date: /home/olin/github/meu_workspace/install/turtlesim/include/turtlesim/turtlesim/action
[4.181s] -- Up-to-date: /home/olin/github/meu_workspace/install/turtlesim/include/turtlesim/turtlesim/action/rotate_absolute.h
[4.181s] -- Up-to-date: /home/olin/github/meu_workspace/install/turtlesim/include/turtlesim/turtlesim/action/detail
[4.181s] -- Up-to-date: /home/olin/github/meu_workspace/install/turtlesim/include/turtlesim/turtlesim/action/detail/rotate_absolute__type_support.h
[4.181s] -- Up-to-date: /home/olin/github/meu_workspace/install/turtlesim/include/turtlesim/turtlesim/action/detail/rotate_absolute__functions.c
[4.181s] -- Up-to-date: /home/olin/github/meu_workspace/install/turtlesim/include/turtlesim/turtlesim/action/detail/rotate_absolute__functions.h
[4.181s] -- Up-to-date: /home/olin/github/meu_workspace/install/turtlesim/include/turtlesim/turtlesim/action/detail/rotate_absolute__struct.h
[4.181s] -- Up-to-date: /home/olin/github/meu_workspace/install/turtlesim/include/turtlesim/turtlesim/srv
[4.181s] -- Up-to-date: /home/olin/github/meu_workspace/install/turtlesim/include/turtlesim/turtlesim/srv/teleport_relative.h
[4.181s] -- Up-to-date: /home/olin/github/meu_workspace/install/turtlesim/include/turtlesim/turtlesim/srv/kill.h
[4.181s] -- Up-to-date: /home/olin/github/meu_workspace/install/turtlesim/include/turtlesim/turtlesim/srv/spawn.h
[4.182s] -- Up-to-date: /home/olin/github/meu_workspace/install/turtlesim/include/turtlesim/turtlesim/srv/set_pen.h
[4.182s] -- Up-to-date: /home/olin/github/meu_workspace/install/turtlesim/include/turtlesim/turtlesim/srv/teleport_absolute.h
[4.182s] -- Up-to-date: /home/olin/github/meu_workspace/install/turtlesim/include/turtlesim/turtlesim/srv/detail
[4.182s] -- Up-to-date: /home/olin/github/meu_workspace/install/turtlesim/include/turtlesim/turtlesim/srv/detail/kill__functions.h
[4.182s] -- Up-to-date: /home/olin/github/meu_workspace/install/turtlesim/include/turtlesim/turtlesim/srv/detail/spawn__struct.h
[4.182s] -- Up-to-date: /home/olin/github/meu_workspace/install/turtlesim/include/turtlesim/turtlesim/srv/detail/spawn__functions.c
[4.182s] -- Up-to-date: /home/olin/github/meu_workspace/install/turtlesim/include/turtlesim/turtlesim/srv/detail/kill__functions.c
[4.182s] -- Up-to-date: /home/olin/github/meu_workspace/install/turtlesim/include/turtlesim/turtlesim/srv/detail/teleport_absolute__struct.h
[4.182s] -- Up-to-date: /home/olin/github/meu_workspace/install/turtlesim/include/turtlesim/turtlesim/srv/detail/spawn__functions.h
[4.182s] -- Up-to-date: /home/olin/github/meu_workspace/install/turtlesim/include/turtlesim/turtlesim/srv/detail/set_pen__functions.h
[4.182s] -- Up-to-date: /home/olin/github/meu_workspace/install/turtlesim/include/turtlesim/turtlesim/srv/detail/teleport_relative__functions.c
[4.182s] -- Up-to-date: /home/olin/github/meu_workspace/install/turtlesim/include/turtlesim/turtlesim/srv/detail/teleport_absolute__type_support.h
[4.182s] -- Up-to-date: /home/olin/github/meu_workspace/install/turtlesim/include/turtlesim/turtlesim/srv/detail/teleport_absolute__functions.c
[4.182s] -- Up-to-date: /home/olin/github/meu_workspace/install/turtlesim/include/turtlesim/turtlesim/srv/detail/spawn__type_support.h
[4.182s] -- Up-to-date: /home/olin/github/meu_workspace/install/turtlesim/include/turtlesim/turtlesim/srv/detail/set_pen__type_support.h
[4.183s] -- Up-to-date: /home/olin/github/meu_workspace/install/turtlesim/include/turtlesim/turtlesim/srv/detail/set_pen__struct.h
[4.183s] -- Up-to-date: /home/olin/github/meu_workspace/install/turtlesim/include/turtlesim/turtlesim/srv/detail/set_pen__functions.c
[4.183s] -- Up-to-date: /home/olin/github/meu_workspace/install/turtlesim/include/turtlesim/turtlesim/srv/detail/teleport_relative__functions.h
[4.183s] -- Up-to-date: /home/olin/github/meu_workspace/install/turtlesim/include/turtlesim/turtlesim/srv/detail/kill__struct.h
[4.183s] -- Up-to-date: /home/olin/github/meu_workspace/install/turtlesim/include/turtlesim/turtlesim/srv/detail/teleport_relative__struct.h
[4.183s] -- Up-to-date: /home/olin/github/meu_workspace/install/turtlesim/include/turtlesim/turtlesim/srv/detail/teleport_relative__type_support.h
[4.183s] -- Up-to-date: /home/olin/github/meu_workspace/install/turtlesim/include/turtlesim/turtlesim/srv/detail/teleport_absolute__functions.h
[4.183s] -- Up-to-date: /home/olin/github/meu_workspace/install/turtlesim/include/turtlesim/turtlesim/srv/detail/kill__type_support.h
[4.183s] -- Up-to-date: /home/olin/github/meu_workspace/install/turtlesim/share/turtlesim/environment/library_path.sh
[4.183s] -- Up-to-date: /home/olin/github/meu_workspace/install/turtlesim/share/turtlesim/environment/library_path.dsv
[4.184s] -- Up-to-date: /home/olin/github/meu_workspace/install/turtlesim/lib/libturtlesim__rosidl_generator_c.so
[4.184s] -- Up-to-date: /home/olin/github/meu_workspace/install/turtlesim/include/turtlesim/turtlesim
[4.184s] -- Up-to-date: /home/olin/github/meu_workspace/install/turtlesim/include/turtlesim/turtlesim/msg
[4.184s] -- Up-to-date: /home/olin/github/meu_workspace/install/turtlesim/include/turtlesim/turtlesim/msg/rosidl_typesupport_fastrtps_c__visibility_control.h
[4.184s] -- Up-to-date: /home/olin/github/meu_workspace/install/turtlesim/include/turtlesim/turtlesim/msg/detail
[4.184s] -- Up-to-date: /home/olin/github/meu_workspace/install/turtlesim/include/turtlesim/turtlesim/msg/detail/color__rosidl_typesupport_fastrtps_c.h
[4.184s] -- Up-to-date: /home/olin/github/meu_workspace/install/turtlesim/include/turtlesim/turtlesim/msg/detail/pose__rosidl_typesupport_fastrtps_c.h
[4.184s] -- Up-to-date: /home/olin/github/meu_workspace/install/turtlesim/include/turtlesim/turtlesim/action
[4.184s] -- Up-to-date: /home/olin/github/meu_workspace/install/turtlesim/include/turtlesim/turtlesim/action/detail
[4.184s] -- Up-to-date: /home/olin/github/meu_workspace/install/turtlesim/include/turtlesim/turtlesim/action/detail/rotate_absolute__rosidl_typesupport_fastrtps_c.h
[4.184s] -- Up-to-date: /home/olin/github/meu_workspace/install/turtlesim/include/turtlesim/turtlesim/srv
[4.184s] -- Up-to-date: /home/olin/github/meu_workspace/install/turtlesim/include/turtlesim/turtlesim/srv/detail
[4.184s] -- Up-to-date: /home/olin/github/meu_workspace/install/turtlesim/include/turtlesim/turtlesim/srv/detail/teleport_absolute__rosidl_typesupport_fastrtps_c.h
[4.184s] -- Up-to-date: /home/olin/github/meu_workspace/install/turtlesim/include/turtlesim/turtlesim/srv/detail/teleport_relative__rosidl_typesupport_fastrtps_c.h
[4.184s] -- Up-to-date: /home/olin/github/meu_workspace/install/turtlesim/include/turtlesim/turtlesim/srv/detail/kill__rosidl_typesupport_fastrtps_c.h
[4.184s] -- Up-to-date: /home/olin/github/meu_workspace/install/turtlesim/include/turtlesim/turtlesim/srv/detail/spawn__rosidl_typesupport_fastrtps_c.h
[4.184s] -- Up-to-date: /home/olin/github/meu_workspace/install/turtlesim/include/turtlesim/turtlesim/srv/detail/set_pen__rosidl_typesupport_fastrtps_c.h
[4.184s] -- Up-to-date: /home/olin/github/meu_workspace/install/turtlesim/lib/libturtlesim__rosidl_typesupport_fastrtps_c.so
[4.184s] -- Up-to-date: /home/olin/github/meu_workspace/install/turtlesim/include/turtlesim/turtlesim
[4.184s] -- Up-to-date: /home/olin/github/meu_workspace/install/turtlesim/include/turtlesim/turtlesim/msg
[4.184s] -- Up-to-date: /home/olin/github/meu_workspace/install/turtlesim/include/turtlesim/turtlesim/msg/color.hpp
[4.184s] -- Up-to-date: /home/olin/github/meu_workspace/install/turtlesim/include/turtlesim/turtlesim/msg/pose.hpp
[4.185s] -- Up-to-date: /home/olin/github/meu_workspace/install/turtlesim/include/turtlesim/turtlesim/msg/detail
[4.185s] -- Up-to-date: /home/olin/github/meu_workspace/install/turtlesim/include/turtlesim/turtlesim/msg/detail/color__builder.hpp
[4.185s] -- Up-to-date: /home/olin/github/meu_workspace/install/turtlesim/include/turtlesim/turtlesim/msg/detail/color__traits.hpp
[4.185s] -- Up-to-date: /home/olin/github/meu_workspace/install/turtlesim/include/turtlesim/turtlesim/msg/detail/pose__builder.hpp
[4.185s] -- Up-to-date: /home/olin/github/meu_workspace/install/turtlesim/include/turtlesim/turtlesim/msg/detail/color__struct.hpp
[4.185s] -- Up-to-date: /home/olin/github/meu_workspace/install/turtlesim/include/turtlesim/turtlesim/msg/detail/pose__struct.hpp
[4.185s] -- Up-to-date: /home/olin/github/meu_workspace/install/turtlesim/include/turtlesim/turtlesim/msg/detail/pose__traits.hpp
[4.185s] -- Up-to-date: /home/olin/github/meu_workspace/install/turtlesim/include/turtlesim/turtlesim/action
[4.185s] -- Up-to-date: /home/olin/github/meu_workspace/install/turtlesim/include/turtlesim/turtlesim/action/rotate_absolute.hpp
[4.185s] -- Up-to-date: /home/olin/github/meu_workspace/install/turtlesim/include/turtlesim/turtlesim/action/detail
[4.185s] -- Up-to-date: /home/olin/github/meu_workspace/install/turtlesim/include/turtlesim/turtlesim/action/detail/rotate_absolute__struct.hpp
[4.185s] -- Up-to-date: /home/olin/github/meu_workspace/install/turtlesim/include/turtlesim/turtlesim/action/detail/rotate_absolute__traits.hpp
[4.185s] -- Up-to-date: /home/olin/github/meu_workspace/install/turtlesim/include/turtlesim/turtlesim/action/detail/rotate_absolute__builder.hpp
[4.185s] -- Up-to-date: /home/olin/github/meu_workspace/install/turtlesim/include/turtlesim/turtlesim/srv
[4.185s] -- Up-to-date: /home/olin/github/meu_workspace/install/turtlesim/include/turtlesim/turtlesim/srv/teleport_absolute.hpp
[4.185s] -- Up-to-date: /home/olin/github/meu_workspace/install/turtlesim/include/turtlesim/turtlesim/srv/set_pen.hpp
[4.185s] -- Up-to-date: /home/olin/github/meu_workspace/install/turtlesim/include/turtlesim/turtlesim/srv/spawn.hpp
[4.185s] -- Up-to-date: /home/olin/github/meu_workspace/install/turtlesim/include/turtlesim/turtlesim/srv/teleport_relative.hpp
[4.185s] -- Up-to-date: /home/olin/github/meu_workspace/install/turtlesim/include/turtlesim/turtlesim/srv/detail
[4.185s] -- Up-to-date: /home/olin/github/meu_workspace/install/turtlesim/include/turtlesim/turtlesim/srv/detail/teleport_absolute__traits.hpp
[4.185s] -- Up-to-date: /home/olin/github/meu_workspace/install/turtlesim/include/turtlesim/turtlesim/srv/detail/kill__traits.hpp
[4.185s] -- Up-to-date: /home/olin/github/meu_workspace/install/turtlesim/include/turtlesim/turtlesim/srv/detail/teleport_absolute__builder.hpp
[4.185s] -- Up-to-date: /home/olin/github/meu_workspace/install/turtlesim/include/turtlesim/turtlesim/srv/detail/teleport_absolute__struct.hpp
[4.186s] -- Up-to-date: /home/olin/github/meu_workspace/install/turtlesim/include/turtlesim/turtlesim/srv/detail/set_pen__builder.hpp
[4.186s] -- Up-to-date: /home/olin/github/meu_workspace/install/turtlesim/include/turtlesim/turtlesim/srv/detail/spawn__builder.hpp
[4.186s] -- Up-to-date: /home/olin/github/meu_workspace/install/turtlesim/include/turtlesim/turtlesim/srv/detail/set_pen__struct.hpp
[4.186s] -- Up-to-date: /home/olin/github/meu_workspace/install/turtlesim/include/turtlesim/turtlesim/srv/detail/kill__struct.hpp
[4.186s] -- Up-to-date: /home/olin/github/meu_workspace/install/turtlesim/include/turtlesim/turtlesim/srv/detail/teleport_relative__traits.hpp
[4.186s] -- Up-to-date: /home/olin/github/meu_workspace/install/turtlesim/include/turtlesim/turtlesim/srv/detail/teleport_relative__struct.hpp
[4.186s] -- Up-to-date: /home/olin/github/meu_workspace/install/turtlesim/include/turtlesim/turtlesim/srv/detail/teleport_relative__builder.hpp
[4.186s] -- Up-to-date: /home/olin/github/meu_workspace/install/turtlesim/include/turtlesim/turtlesim/srv/detail/set_pen__traits.hpp
[4.186s] -- Up-to-date: /home/olin/github/meu_workspace/install/turtlesim/include/turtlesim/turtlesim/srv/detail/spawn__traits.hpp
[4.186s] -- Up-to-date: /home/olin/github/meu_workspace/install/turtlesim/include/turtlesim/turtlesim/srv/detail/spawn__struct.hpp
[4.186s] -- Up-to-date: /home/olin/github/meu_workspace/install/turtlesim/include/turtlesim/turtlesim/srv/detail/kill__builder.hpp
[4.186s] -- Up-to-date: /home/olin/github/meu_workspace/install/turtlesim/include/turtlesim/turtlesim/srv/kill.hpp
[4.186s] -- Up-to-date: /home/olin/github/meu_workspace/install/turtlesim/include/turtlesim/turtlesim
[4.186s] -- Up-to-date: /home/olin/github/meu_workspace/install/turtlesim/include/turtlesim/turtlesim/msg
[4.186s] -- Up-to-date: /home/olin/github/meu_workspace/install/turtlesim/include/turtlesim/turtlesim/msg/rosidl_typesupport_fastrtps_cpp__visibility_control.h
[4.186s] -- Up-to-date: /home/olin/github/meu_workspace/install/turtlesim/include/turtlesim/turtlesim/msg/detail
[4.186s] -- Up-to-date: /home/olin/github/meu_workspace/install/turtlesim/include/turtlesim/turtlesim/msg/detail/color__rosidl_typesupport_fastrtps_cpp.hpp
[4.186s] -- Up-to-date: /home/olin/github/meu_workspace/install/turtlesim/include/turtlesim/turtlesim/msg/detail/pose__rosidl_typesupport_fastrtps_cpp.hpp
[4.186s] -- Up-to-date: /home/olin/github/meu_workspace/install/turtlesim/include/turtlesim/turtlesim/msg/detail/dds_fastrtps
[4.186s] -- Up-to-date: /home/olin/github/meu_workspace/install/turtlesim/include/turtlesim/turtlesim/action
[4.186s] -- Up-to-date: /home/olin/github/meu_workspace/install/turtlesim/include/turtlesim/turtlesim/action/detail
[4.186s] -- Up-to-date: /home/olin/github/meu_workspace/install/turtlesim/include/turtlesim/turtlesim/action/detail/rotate_absolute__rosidl_typesupport_fastrtps_cpp.hpp
[4.186s] -- Up-to-date: /home/olin/github/meu_workspace/install/turtlesim/include/turtlesim/turtlesim/action/detail/dds_fastrtps
[4.186s] -- Up-to-date: /home/olin/github/meu_workspace/install/turtlesim/include/turtlesim/turtlesim/srv
[4.187s] -- Up-to-date: /home/olin/github/meu_workspace/install/turtlesim/include/turtlesim/turtlesim/srv/detail
[4.187s] -- Up-to-date: /home/olin/github/meu_workspace/install/turtlesim/include/turtlesim/turtlesim/srv/detail/teleport_relative__rosidl_typesupport_fastrtps_cpp.hpp
[4.187s] -- Up-to-date: /home/olin/github/meu_workspace/install/turtlesim/include/turtlesim/turtlesim/srv/detail/kill__rosidl_typesupport_fastrtps_cpp.hpp
[4.187s] -- Up-to-date: /home/olin/github/meu_workspace/install/turtlesim/include/turtlesim/turtlesim/srv/detail/set_pen__rosidl_typesupport_fastrtps_cpp.hpp
[4.187s] -- Up-to-date: /home/olin/github/meu_workspace/install/turtlesim/include/turtlesim/turtlesim/srv/detail/spawn__rosidl_typesupport_fastrtps_cpp.hpp
[4.187s] -- Up-to-date: /home/olin/github/meu_workspace/install/turtlesim/include/turtlesim/turtlesim/srv/detail/teleport_absolute__rosidl_typesupport_fastrtps_cpp.hpp
[4.187s] -- Up-to-date: /home/olin/github/meu_workspace/install/turtlesim/include/turtlesim/turtlesim/srv/detail/dds_fastrtps
[4.187s] -- Up-to-date: /home/olin/github/meu_workspace/install/turtlesim/lib/libturtlesim__rosidl_typesupport_fastrtps_cpp.so
[4.187s] -- Up-to-date: /home/olin/github/meu_workspace/install/turtlesim/include/turtlesim/turtlesim
[4.187s] -- Up-to-date: /home/olin/github/meu_workspace/install/turtlesim/include/turtlesim/turtlesim/msg
[4.187s] -- Up-to-date: /home/olin/github/meu_workspace/install/turtlesim/include/turtlesim/turtlesim/msg/rosidl_typesupport_introspection_c__visibility_control.h
[4.187s] -- Up-to-date: /home/olin/github/meu_workspace/install/turtlesim/include/turtlesim/turtlesim/msg/detail
[4.187s] -- Up-to-date: /home/olin/github/meu_workspace/install/turtlesim/include/turtlesim/turtlesim/msg/detail/pose__type_support.c
[4.187s] -- Up-to-date: /home/olin/github/meu_workspace/install/turtlesim/include/turtlesim/turtlesim/msg/detail/pose__rosidl_typesupport_introspection_c.h
[4.187s] -- Up-to-date: /home/olin/github/meu_workspace/install/turtlesim/include/turtlesim/turtlesim/msg/detail/color__rosidl_typesupport_introspection_c.h
[4.187s] -- Up-to-date: /home/olin/github/meu_workspace/install/turtlesim/include/turtlesim/turtlesim/msg/detail/color__type_support.c
[4.187s] -- Up-to-date: /home/olin/github/meu_workspace/install/turtlesim/include/turtlesim/turtlesim/action
[4.187s] -- Up-to-date: /home/olin/github/meu_workspace/install/turtlesim/include/turtlesim/turtlesim/action/detail
[4.187s] -- Up-to-date: /home/olin/github/meu_workspace/install/turtlesim/include/turtlesim/turtlesim/action/detail/rotate_absolute__rosidl_typesupport_introspection_c.h
[4.187s] -- Up-to-date: /home/olin/github/meu_workspace/install/turtlesim/include/turtlesim/turtlesim/action/detail/rotate_absolute__type_support.c
[4.187s] -- Up-to-date: /home/olin/github/meu_workspace/install/turtlesim/include/turtlesim/turtlesim/srv
[4.187s] -- Up-to-date: /home/olin/github/meu_workspace/install/turtlesim/include/turtlesim/turtlesim/srv/detail
[4.187s] -- Up-to-date: /home/olin/github/meu_workspace/install/turtlesim/include/turtlesim/turtlesim/srv/detail/teleport_absolute__type_support.c
[4.187s] -- Up-to-date: /home/olin/github/meu_workspace/install/turtlesim/include/turtlesim/turtlesim/srv/detail/teleport_absolute__rosidl_typesupport_introspection_c.h
[4.187s] -- Up-to-date: /home/olin/github/meu_workspace/install/turtlesim/include/turtlesim/turtlesim/srv/detail/kill__type_support.c
[4.187s] -- Up-to-date: /home/olin/github/meu_workspace/install/turtlesim/include/turtlesim/turtlesim/srv/detail/teleport_relative__type_support.c
[4.187s] -- Up-to-date: /home/olin/github/meu_workspace/install/turtlesim/include/turtlesim/turtlesim/srv/detail/spawn__rosidl_typesupport_introspection_c.h
[4.187s] -- Up-to-date: /home/olin/github/meu_workspace/install/turtlesim/include/turtlesim/turtlesim/srv/detail/set_pen__rosidl_typesupport_introspection_c.h
[4.188s] -- Up-to-date: /home/olin/github/meu_workspace/install/turtlesim/include/turtlesim/turtlesim/srv/detail/teleport_relative__rosidl_typesupport_introspection_c.h
[4.188s] -- Up-to-date: /home/olin/github/meu_workspace/install/turtlesim/include/turtlesim/turtlesim/srv/detail/spawn__type_support.c
[4.188s] -- Up-to-date: /home/olin/github/meu_workspace/install/turtlesim/include/turtlesim/turtlesim/srv/detail/kill__rosidl_typesupport_introspection_c.h
[4.188s] -- Up-to-date: /home/olin/github/meu_workspace/install/turtlesim/include/turtlesim/turtlesim/srv/detail/set_pen__type_support.c
[4.188s] -- Up-to-date: /home/olin/github/meu_workspace/install/turtlesim/lib/libturtlesim__rosidl_typesupport_introspection_c.so
[4.188s] -- Up-to-date: /home/olin/github/meu_workspace/install/turtlesim/lib/libturtlesim__rosidl_typesupport_c.so
[4.188s] -- Up-to-date: /home/olin/github/meu_workspace/install/turtlesim/include/turtlesim/turtlesim
[4.188s] -- Up-to-date: /home/olin/github/meu_workspace/install/turtlesim/include/turtlesim/turtlesim/msg
[4.188s] -- Up-to-date: /home/olin/github/meu_workspace/install/turtlesim/include/turtlesim/turtlesim/msg/detail
[4.188s] -- Up-to-date: /home/olin/github/meu_workspace/install/turtlesim/include/turtlesim/turtlesim/msg/detail/color__rosidl_typesupport_introspection_cpp.hpp
[4.188s] -- Up-to-date: /home/olin/github/meu_workspace/install/turtlesim/include/turtlesim/turtlesim/msg/detail/pose__type_support.cpp
[4.188s] -- Up-to-date: /home/olin/github/meu_workspace/install/turtlesim/include/turtlesim/turtlesim/msg/detail/color__type_support.cpp
[4.188s] -- Up-to-date: /home/olin/github/meu_workspace/install/turtlesim/include/turtlesim/turtlesim/msg/detail/pose__rosidl_typesupport_introspection_cpp.hpp
[4.188s] -- Up-to-date: /home/olin/github/meu_workspace/install/turtlesim/include/turtlesim/turtlesim/action
[4.188s] -- Up-to-date: /home/olin/github/meu_workspace/install/turtlesim/include/turtlesim/turtlesim/action/detail
[4.188s] -- Up-to-date: /home/olin/github/meu_workspace/install/turtlesim/include/turtlesim/turtlesim/action/detail/rotate_absolute__type_support.cpp
[4.188s] -- Up-to-date: /home/olin/github/meu_workspace/install/turtlesim/include/turtlesim/turtlesim/action/detail/rotate_absolute__rosidl_typesupport_introspection_cpp.hpp
[4.188s] -- Up-to-date: /home/olin/github/meu_workspace/install/turtlesim/include/turtlesim/turtlesim/srv
[4.188s] -- Up-to-date: /home/olin/github/meu_workspace/install/turtlesim/include/turtlesim/turtlesim/srv/detail
[4.188s] -- Up-to-date: /home/olin/github/meu_workspace/install/turtlesim/include/turtlesim/turtlesim/srv/detail/kill__type_support.cpp
[4.188s] -- Up-to-date: /home/olin/github/meu_workspace/install/turtlesim/include/turtlesim/turtlesim/srv/detail/kill__rosidl_typesupport_introspection_cpp.hpp
[4.188s] -- Up-to-date: /home/olin/github/meu_workspace/install/turtlesim/include/turtlesim/turtlesim/srv/detail/spawn__rosidl_typesupport_introspection_cpp.hpp
[4.188s] -- Up-to-date: /home/olin/github/meu_workspace/install/turtlesim/include/turtlesim/turtlesim/srv/detail/teleport_absolute__rosidl_typesupport_introspection_cpp.hpp
[4.188s] -- Up-to-date: /home/olin/github/meu_workspace/install/turtlesim/include/turtlesim/turtlesim/srv/detail/set_pen__type_support.cpp
[4.188s] -- Up-to-date: /home/olin/github/meu_workspace/install/turtlesim/include/turtlesim/turtlesim/srv/detail/teleport_relative__type_support.cpp
[4.188s] -- Up-to-date: /home/olin/github/meu_workspace/install/turtlesim/include/turtlesim/turtlesim/srv/detail/teleport_relative__rosidl_typesupport_introspection_cpp.hpp
[4.188s] -- Up-to-date: /home/olin/github/meu_workspace/install/turtlesim/include/turtlesim/turtlesim/srv/detail/set_pen__rosidl_typesupport_introspection_cpp.hpp
[4.188s] -- Up-to-date: /home/olin/github/meu_workspace/install/turtlesim/include/turtlesim/turtlesim/srv/detail/teleport_absolute__type_support.cpp
[4.188s] -- Up-to-date: /home/olin/github/meu_workspace/install/turtlesim/include/turtlesim/turtlesim/srv/detail/spawn__type_support.cpp
[4.189s] -- Up-to-date: /home/olin/github/meu_workspace/install/turtlesim/lib/libturtlesim__rosidl_typesupport_introspection_cpp.so
[4.189s] -- Up-to-date: /home/olin/github/meu_workspace/install/turtlesim/lib/libturtlesim__rosidl_typesupport_cpp.so
[4.189s] -- Up-to-date: /home/olin/github/meu_workspace/install/turtlesim/share/turtlesim/environment/pythonpath.sh
[4.189s] -- Up-to-date: /home/olin/github/meu_workspace/install/turtlesim/share/turtlesim/environment/pythonpath.dsv
[4.189s] -- Up-to-date: /home/olin/github/meu_workspace/install/turtlesim/local/lib/python3.10/dist-packages/turtlesim-1.4.2-py3.10.egg-info
[4.189s] -- Installing: /home/olin/github/meu_workspace/install/turtlesim/local/lib/python3.10/dist-packages/turtlesim-1.4.2-py3.10.egg-info/SOURCES.txt
[4.189s] -- Installing: /home/olin/github/meu_workspace/install/turtlesim/local/lib/python3.10/dist-packages/turtlesim-1.4.2-py3.10.egg-info/top_level.txt
[4.189s] -- Installing: /home/olin/github/meu_workspace/install/turtlesim/local/lib/python3.10/dist-packages/turtlesim-1.4.2-py3.10.egg-info/PKG-INFO
[4.189s] -- Installing: /home/olin/github/meu_workspace/install/turtlesim/local/lib/python3.10/dist-packages/turtlesim-1.4.2-py3.10.egg-info/dependency_links.txt
[4.189s] -- Up-to-date: /home/olin/github/meu_workspace/install/turtlesim/local/lib/python3.10/dist-packages/turtlesim
[4.189s] -- Up-to-date: /home/olin/github/meu_workspace/install/turtlesim/local/lib/python3.10/dist-packages/turtlesim/turtlesim_s__rosidl_typesupport_fastrtps_c.cpython-310-x86_64-linux-gnu.so
[4.189s] -- Up-to-date: /home/olin/github/meu_workspace/install/turtlesim/local/lib/python3.10/dist-packages/turtlesim/msg
[4.189s] -- Up-to-date: /home/olin/github/meu_workspace/install/turtlesim/local/lib/python3.10/dist-packages/turtlesim/msg/_pose.py
[4.189s] -- Up-to-date: /home/olin/github/meu_workspace/install/turtlesim/local/lib/python3.10/dist-packages/turtlesim/msg/_pose_s.c
[4.189s] -- Up-to-date: /home/olin/github/meu_workspace/install/turtlesim/local/lib/python3.10/dist-packages/turtlesim/msg/__init__.py
[4.189s] -- Up-to-date: /home/olin/github/meu_workspace/install/turtlesim/local/lib/python3.10/dist-packages/turtlesim/msg/_color.py
[4.189s] -- Up-to-date: /home/olin/github/meu_workspace/install/turtlesim/local/lib/python3.10/dist-packages/turtlesim/msg/_color_s.c
[4.189s] -- Up-to-date: /home/olin/github/meu_workspace/install/turtlesim/local/lib/python3.10/dist-packages/turtlesim/_turtlesim_s.ep.rosidl_typesupport_c.c
[4.189s] -- Up-to-date: /home/olin/github/meu_workspace/install/turtlesim/local/lib/python3.10/dist-packages/turtlesim/__init__.py
[4.189s] -- Up-to-date: /home/olin/github/meu_workspace/install/turtlesim/local/lib/python3.10/dist-packages/turtlesim/turtlesim_s__rosidl_typesupport_c.cpython-310-x86_64-linux-gnu.so
[4.189s] -- Up-to-date: /home/olin/github/meu_workspace/install/turtlesim/local/lib/python3.10/dist-packages/turtlesim/_turtlesim_s.ep.rosidl_typesupport_fastrtps_c.c
[4.189s] -- Up-to-date: /home/olin/github/meu_workspace/install/turtlesim/local/lib/python3.10/dist-packages/turtlesim/turtlesim_s__rosidl_typesupport_introspection_c.cpython-310-x86_64-linux-gnu.so
[4.189s] -- Up-to-date: /home/olin/github/meu_workspace/install/turtlesim/local/lib/python3.10/dist-packages/turtlesim/action
[4.189s] -- Up-to-date: /home/olin/github/meu_workspace/install/turtlesim/local/lib/python3.10/dist-packages/turtlesim/action/_rotate_absolute_s.c
[4.189s] -- Up-to-date: /home/olin/github/meu_workspace/install/turtlesim/local/lib/python3.10/dist-packages/turtlesim/action/__init__.py
[4.189s] -- Up-to-date: /home/olin/github/meu_workspace/install/turtlesim/local/lib/python3.10/dist-packages/turtlesim/action/_rotate_absolute.py
[4.189s] -- Up-to-date: /home/olin/github/meu_workspace/install/turtlesim/local/lib/python3.10/dist-packages/turtlesim/_turtlesim_s.ep.rosidl_typesupport_introspection_c.c
[4.189s] -- Up-to-date: /home/olin/github/meu_workspace/install/turtlesim/local/lib/python3.10/dist-packages/turtlesim/libturtlesim__rosidl_generator_py.so
[4.189s] -- Up-to-date: /home/olin/github/meu_workspace/install/turtlesim/local/lib/python3.10/dist-packages/turtlesim/srv
[4.189s] -- Up-to-date: /home/olin/github/meu_workspace/install/turtlesim/local/lib/python3.10/dist-packages/turtlesim/srv/_set_pen_s.c
[4.190s] -- Up-to-date: /home/olin/github/meu_workspace/install/turtlesim/local/lib/python3.10/dist-packages/turtlesim/srv/_kill_s.c
[4.190s] -- Up-to-date: /home/olin/github/meu_workspace/install/turtlesim/local/lib/python3.10/dist-packages/turtlesim/srv/_teleport_relative_s.c
[4.190s] -- Up-to-date: /home/olin/github/meu_workspace/install/turtlesim/local/lib/python3.10/dist-packages/turtlesim/srv/_teleport_absolute_s.c
[4.190s] -- Up-to-date: /home/olin/github/meu_workspace/install/turtlesim/local/lib/python3.10/dist-packages/turtlesim/srv/_spawn.py
[4.190s] -- Up-to-date: /home/olin/github/meu_workspace/install/turtlesim/local/lib/python3.10/dist-packages/turtlesim/srv/_set_pen.py
[4.190s] -- Up-to-date: /home/olin/github/meu_workspace/install/turtlesim/local/lib/python3.10/dist-packages/turtlesim/srv/_teleport_absolute.py
[4.190s] -- Up-to-date: /home/olin/github/meu_workspace/install/turtlesim/local/lib/python3.10/dist-packages/turtlesim/srv/__init__.py
[4.190s] -- Up-to-date: /home/olin/github/meu_workspace/install/turtlesim/local/lib/python3.10/dist-packages/turtlesim/srv/_kill.py
[4.190s] -- Up-to-date: /home/olin/github/meu_workspace/install/turtlesim/local/lib/python3.10/dist-packages/turtlesim/srv/_teleport_relative.py
[4.190s] -- Up-to-date: /home/olin/github/meu_workspace/install/turtlesim/local/lib/python3.10/dist-packages/turtlesim/srv/_spawn_s.c
[4.205s] Listing '/home/olin/github/meu_workspace/install/turtlesim/local/lib/python3.10/dist-packages/turtlesim'...
[4.205s] Listing '/home/olin/github/meu_workspace/install/turtlesim/local/lib/python3.10/dist-packages/turtlesim/action'...
[4.205s] Listing '/home/olin/github/meu_workspace/install/turtlesim/local/lib/python3.10/dist-packages/turtlesim/msg'...
[4.205s] Listing '/home/olin/github/meu_workspace/install/turtlesim/local/lib/python3.10/dist-packages/turtlesim/srv'...
[4.208s] -- Up-to-date: /home/olin/github/meu_workspace/install/turtlesim/local/lib/python3.10/dist-packages/turtlesim/turtlesim_s__rosidl_typesupport_fastrtps_c.cpython-310-x86_64-linux-gnu.so
[4.208s] -- Up-to-date: /home/olin/github/meu_workspace/install/turtlesim/local/lib/python3.10/dist-packages/turtlesim/turtlesim_s__rosidl_typesupport_introspection_c.cpython-310-x86_64-linux-gnu.so
[4.208s] -- Up-to-date: /home/olin/github/meu_workspace/install/turtlesim/local/lib/python3.10/dist-packages/turtlesim/turtlesim_s__rosidl_typesupport_c.cpython-310-x86_64-linux-gnu.so
[4.208s] -- Up-to-date: /home/olin/github/meu_workspace/install/turtlesim/lib/libturtlesim__rosidl_generator_py.so
[4.208s] -- Up-to-date: /home/olin/github/meu_workspace/install/turtlesim/share/turtlesim/action/RotateAbsolute.idl
[4.208s] -- Up-to-date: /home/olin/github/meu_workspace/install/turtlesim/share/turtlesim/msg/Color.idl
[4.208s] -- Up-to-date: /home/olin/github/meu_workspace/install/turtlesim/share/turtlesim/msg/Pose.idl
[4.208s] -- Up-to-date: /home/olin/github/meu_workspace/install/turtlesim/share/turtlesim/srv/Kill.idl
[4.208s] -- Up-to-date: /home/olin/github/meu_workspace/install/turtlesim/share/turtlesim/srv/SetPen.idl
[4.208s] -- Up-to-date: /home/olin/github/meu_workspace/install/turtlesim/share/turtlesim/srv/Spawn.idl
[4.208s] -- Up-to-date: /home/olin/github/meu_workspace/install/turtlesim/share/turtlesim/srv/TeleportAbsolute.idl
[4.208s] -- Up-to-date: /home/olin/github/meu_workspace/install/turtlesim/share/turtlesim/srv/TeleportRelative.idl
[4.208s] -- Up-to-date: /home/olin/github/meu_workspace/install/turtlesim/share/turtlesim/action/RotateAbsolute.action
[4.208s] -- Up-to-date: /home/olin/github/meu_workspace/install/turtlesim/share/turtlesim/msg/Color.msg
[4.208s] -- Up-to-date: /home/olin/github/meu_workspace/install/turtlesim/share/turtlesim/msg/Pose.msg
[4.208s] -- Up-to-date: /home/olin/github/meu_workspace/install/turtlesim/share/turtlesim/srv/Kill.srv
[4.208s] -- Up-to-date: /home/olin/github/meu_workspace/install/turtlesim/share/turtlesim/srv/Kill_Request.msg
[4.208s] -- Up-to-date: /home/olin/github/meu_workspace/install/turtlesim/share/turtlesim/srv/Kill_Response.msg
[4.208s] -- Up-to-date: /home/olin/github/meu_workspace/install/turtlesim/share/turtlesim/srv/SetPen.srv
[4.209s] -- Up-to-date: /home/olin/github/meu_workspace/install/turtlesim/share/turtlesim/srv/SetPen_Request.msg
[4.209s] -- Up-to-date: /home/olin/github/meu_workspace/install/turtlesim/share/turtlesim/srv/SetPen_Response.msg
[4.209s] -- Up-to-date: /home/olin/github/meu_workspace/install/turtlesim/share/turtlesim/srv/Spawn.srv
[4.209s] -- Up-to-date: /home/olin/github/meu_workspace/install/turtlesim/share/turtlesim/srv/Spawn_Request.msg
[4.209s] -- Up-to-date: /home/olin/github/meu_workspace/install/turtlesim/share/turtlesim/srv/Spawn_Response.msg
[4.209s] -- Up-to-date: /home/olin/github/meu_workspace/install/turtlesim/share/turtlesim/srv/TeleportAbsolute.srv
[4.209s] -- Up-to-date: /home/olin/github/meu_workspace/install/turtlesim/share/turtlesim/srv/TeleportAbsolute_Request.msg
[4.209s] -- Up-to-date: /home/olin/github/meu_workspace/install/turtlesim/share/turtlesim/srv/TeleportAbsolute_Response.msg
[4.209s] -- Up-to-date: /home/olin/github/meu_workspace/install/turtlesim/share/turtlesim/srv/TeleportRelative.srv
[4.209s] -- Up-to-date: /home/olin/github/meu_workspace/install/turtlesim/share/turtlesim/srv/TeleportRelative_Request.msg
[4.209s] -- Up-to-date: /home/olin/github/meu_workspace/install/turtlesim/share/turtlesim/srv/TeleportRelative_Response.msg
[4.209s] -- Up-to-date: /home/olin/github/meu_workspace/install/turtlesim/lib/turtlesim/turtlesim_node
[4.209s] -- Installing: /home/olin/github/meu_workspace/install/turtlesim/lib/turtlesim/turtle_teleop_key
[4.210s] -- Set runtime path of "/home/olin/github/meu_workspace/install/turtlesim/lib/turtlesim/turtle_teleop_key" to ""
[4.210s] -- Up-to-date: /home/olin/github/meu_workspace/install/turtlesim/lib/turtlesim/draw_square
[4.210s] -- Up-to-date: /home/olin/github/meu_workspace/install/turtlesim/lib/turtlesim/mimic
[4.210s] -- Up-to-date: /home/olin/github/meu_workspace/install/turtlesim/share/turtlesim/images
[4.210s] -- Up-to-date: /home/olin/github/meu_workspace/install/turtlesim/share/turtlesim/images/eloquent.png
[4.210s] -- Up-to-date: /home/olin/github/meu_workspace/install/turtlesim/share/turtlesim/images/bouncy.png
[4.210s] -- Up-to-date: /home/olin/github/meu_workspace/install/turtlesim/share/turtlesim/images/foxy.png
[4.210s] -- Up-to-date: /home/olin/github/meu_workspace/install/turtlesim/share/turtlesim/images/rolling.png
[4.210s] -- Up-to-date: /home/olin/github/meu_workspace/install/turtlesim/share/turtlesim/images/ardent.png
[4.210s] -- Up-to-date: /home/olin/github/meu_workspace/install/turtlesim/share/turtlesim/images/dashing.png
[4.210s] -- Up-to-date: /home/olin/github/meu_workspace/install/turtlesim/share/turtlesim/images/galactic.png
[4.210s] -- Up-to-date: /home/olin/github/meu_workspace/install/turtlesim/share/turtlesim/images/humble.png
[4.210s] -- Up-to-date: /home/olin/github/meu_workspace/install/turtlesim/share/turtlesim/images/crystal.png
[4.210s] -- Up-to-date: /home/olin/github/meu_workspace/install/turtlesim/share/turtlesim/launch
[4.211s] -- Up-to-date: /home/olin/github/meu_workspace/install/turtlesim/share/turtlesim/launch/multisim.launch.py
[4.211s] -- Up-to-date: /home/olin/github/meu_workspace/install/turtlesim/share/ament_index/resource_index/package_run_dependencies/turtlesim
[4.211s] -- Up-to-date: /home/olin/github/meu_workspace/install/turtlesim/share/ament_index/resource_index/parent_prefix_path/turtlesim
[4.211s] -- Up-to-date: /home/olin/github/meu_workspace/install/turtlesim/share/turtlesim/environment/ament_prefix_path.sh
[4.211s] -- Up-to-date: /home/olin/github/meu_workspace/install/turtlesim/share/turtlesim/environment/ament_prefix_path.dsv
[4.211s] -- Up-to-date: /home/olin/github/meu_workspace/install/turtlesim/share/turtlesim/environment/path.sh
[4.211s] -- Up-to-date: /home/olin/github/meu_workspace/install/turtlesim/share/turtlesim/environment/path.dsv
[4.211s] -- Up-to-date: /home/olin/github/meu_workspace/install/turtlesim/share/turtlesim/local_setup.bash
[4.211s] -- Up-to-date: /home/olin/github/meu_workspace/install/turtlesim/share/turtlesim/local_setup.sh
[4.211s] -- Up-to-date: /home/olin/github/meu_workspace/install/turtlesim/share/turtlesim/local_setup.zsh
[4.211s] -- Up-to-date: /home/olin/github/meu_workspace/install/turtlesim/share/turtlesim/local_setup.dsv
[4.211s] -- Installing: /home/olin/github/meu_workspace/install/turtlesim/share/turtlesim/package.dsv
[4.211s] -- Up-to-date: /home/olin/github/meu_workspace/install/turtlesim/share/ament_index/resource_index/packages/turtlesim
[4.211s] -- Up-to-date: /home/olin/github/meu_workspace/install/turtlesim/share/turtlesim/cmake/export_turtlesim__rosidl_generator_cExport.cmake
[4.211s] -- Up-to-date: /home/olin/github/meu_workspace/install/turtlesim/share/turtlesim/cmake/export_turtlesim__rosidl_generator_cExport-noconfig.cmake
[4.211s] -- Up-to-date: /home/olin/github/meu_workspace/install/turtlesim/share/turtlesim/cmake/export_turtlesim__rosidl_typesupport_fastrtps_cExport.cmake
[4.211s] -- Up-to-date: /home/olin/github/meu_workspace/install/turtlesim/share/turtlesim/cmake/export_turtlesim__rosidl_typesupport_fastrtps_cExport-noconfig.cmake
[4.211s] -- Up-to-date: /home/olin/github/meu_workspace/install/turtlesim/share/turtlesim/cmake/export_turtlesim__rosidl_generator_cppExport.cmake
[4.211s] -- Up-to-date: /home/olin/github/meu_workspace/install/turtlesim/share/turtlesim/cmake/export_turtlesim__rosidl_typesupport_fastrtps_cppExport.cmake
[4.211s] -- Up-to-date: /home/olin/github/meu_workspace/install/turtlesim/share/turtlesim/cmake/export_turtlesim__rosidl_typesupport_fastrtps_cppExport-noconfig.cmake
[4.211s] -- Up-to-date: /home/olin/github/meu_workspace/install/turtlesim/share/turtlesim/cmake/turtlesim__rosidl_typesupport_introspection_cExport.cmake
[4.211s] -- Up-to-date: /home/olin/github/meu_workspace/install/turtlesim/share/turtlesim/cmake/turtlesim__rosidl_typesupport_introspection_cExport-noconfig.cmake
[4.211s] -- Up-to-date: /home/olin/github/meu_workspace/install/turtlesim/share/turtlesim/cmake/turtlesim__rosidl_typesupport_cExport.cmake
[4.212s] -- Up-to-date: /home/olin/github/meu_workspace/install/turtlesim/share/turtlesim/cmake/turtlesim__rosidl_typesupport_cExport-noconfig.cmake
[4.212s] -- Up-to-date: /home/olin/github/meu_workspace/install/turtlesim/share/turtlesim/cmake/turtlesim__rosidl_typesupport_introspection_cppExport.cmake
[4.212s] -- Up-to-date: /home/olin/github/meu_workspace/install/turtlesim/share/turtlesim/cmake/turtlesim__rosidl_typesupport_introspection_cppExport-noconfig.cmake
[4.212s] -- Up-to-date: /home/olin/github/meu_workspace/install/turtlesim/share/turtlesim/cmake/turtlesim__rosidl_typesupport_cppExport.cmake
[4.212s] -- Up-to-date: /home/olin/github/meu_workspace/install/turtlesim/share/turtlesim/cmake/turtlesim__rosidl_typesupport_cppExport-noconfig.cmake
[4.212s] -- Up-to-date: /home/olin/github/meu_workspace/install/turtlesim/share/turtlesim/cmake/export_turtlesim__rosidl_generator_pyExport.cmake
[4.212s] -- Up-to-date: /home/olin/github/meu_workspace/install/turtlesim/share/turtlesim/cmake/export_turtlesim__rosidl_generator_pyExport-noconfig.cmake
[4.212s] -- Up-to-date: /home/olin/github/meu_workspace/install/turtlesim/share/turtlesim/cmake/rosidl_cmake-extras.cmake
[4.212s] -- Up-to-date: /home/olin/github/meu_workspace/install/turtlesim/share/turtlesim/cmake/ament_cmake_export_dependencies-extras.cmake
[4.212s] -- Up-to-date: /home/olin/github/meu_workspace/install/turtlesim/share/turtlesim/cmake/ament_cmake_export_include_directories-extras.cmake
[4.212s] -- Up-to-date: /home/olin/github/meu_workspace/install/turtlesim/share/turtlesim/cmake/ament_cmake_export_libraries-extras.cmake
[4.212s] -- Up-to-date: /home/olin/github/meu_workspace/install/turtlesim/share/turtlesim/cmake/ament_cmake_export_targets-extras.cmake
[4.212s] -- Up-to-date: /home/olin/github/meu_workspace/install/turtlesim/share/turtlesim/cmake/rosidl_cmake_export_typesupport_targets-extras.cmake
[4.212s] -- Up-to-date: /home/olin/github/meu_workspace/install/turtlesim/share/turtlesim/cmake/rosidl_cmake_export_typesupport_libraries-extras.cmake
[4.212s] -- Up-to-date: /home/olin/github/meu_workspace/install/turtlesim/share/turtlesim/cmake/turtlesimConfig.cmake
[4.212s] -- Up-to-date: /home/olin/github/meu_workspace/install/turtlesim/share/turtlesim/cmake/turtlesimConfig-version.cmake
[4.212s] -- Up-to-date: /home/olin/github/meu_workspace/install/turtlesim/share/turtlesim/package.xml
[4.213s] Invoked command in '/home/olin/github/meu_workspace/build/turtlesim' returned '0': CMAKE_PREFIX_PATH=${CMAKE_PREFIX_PATH}:/opt/ros/humble /usr/bin/cmake --install /home/olin/github/meu_workspace/build/turtlesim
