running egg_info
writing ../../build/draw_circle/draw_circle.egg-info/PKG-INFO
writing dependency_links to ../../build/draw_circle/draw_circle.egg-info/dependency_links.txt
writing entry points to ../../build/draw_circle/draw_circle.egg-info/entry_points.txt
writing requirements to ../../build/draw_circle/draw_circle.egg-info/requires.txt
writing top-level names to ../../build/draw_circle/draw_circle.egg-info/top_level.txt
reading manifest file '../../build/draw_circle/draw_circle.egg-info/SOURCES.txt'
writing manifest file '../../build/draw_circle/draw_circle.egg-info/SOURCES.txt'
running build
running build_py
copying draw_circle/draw.py -> /home/olin/github/meu_workspace/build/draw_circle/build/lib/draw_circle
running install
running install_lib
copying /home/olin/github/meu_workspace/build/draw_circle/build/lib/draw_circle/draw.py -> /home/olin/github/meu_workspace/install/draw_circle/lib/python3.10/site-packages/draw_circle
byte-compiling /home/olin/github/meu_workspace/install/draw_circle/lib/python3.10/site-packages/draw_circle/draw.py to draw.cpython-310.pyc
running install_data
running install_egg_info
removing '/home/olin/github/meu_workspace/install/draw_circle/lib/python3.10/site-packages/draw_circle-0.0.0-py3.10.egg-info' (and everything under it)
Copying ../../build/draw_circle/draw_circle.egg-info to /home/olin/github/meu_workspace/install/draw_circle/lib/python3.10/site-packages/draw_circle-0.0.0-py3.10.egg-info
running install_scripts
Installing draw script to /home/olin/github/meu_workspace/install/draw_circle/lib/draw_circle
writing list of installed files to '/home/olin/github/meu_workspace/build/draw_circle/install.log'
