[0.501s] Invoking command in '/home/olin/github/meu_workspace/src/ola_mundo': PYTHONPATH=/home/olin/github/meu_workspace/build/ola_mundo/prefix_override:/home/olin/github/meu_workspace/install/ola_mundo/lib/python3.10/site-packages:${PYTHONPATH} /usr/bin/python3 -W ignore:setup.py install is deprecated setup.py egg_info --egg-base ../../build/ola_mundo build --build-base /home/olin/github/meu_workspace/build/ola_mundo/build install --record /home/olin/github/meu_workspace/build/ola_mundo/install.log --single-version-externally-managed install_data
[0.659s] running egg_info
[0.659s] writing ../../build/ola_mundo/ola_mundo.egg-info/PKG-INFO
[0.659s] writing dependency_links to ../../build/ola_mundo/ola_mundo.egg-info/dependency_links.txt
[0.660s] writing entry points to ../../build/ola_mundo/ola_mundo.egg-info/entry_points.txt
[0.660s] writing requirements to ../../build/ola_mundo/ola_mundo.egg-info/requires.txt
[0.660s] writing top-level names to ../../build/ola_mundo/ola_mundo.egg-info/top_level.txt
[0.661s] reading manifest file '../../build/ola_mundo/ola_mundo.egg-info/SOURCES.txt'
[0.662s] writing manifest file '../../build/ola_mundo/ola_mundo.egg-info/SOURCES.txt'
[0.662s] running build
[0.662s] running build_py
[0.662s] copying ola_mundo/draw_circle.py -> /home/olin/github/meu_workspace/build/ola_mundo/build/lib/ola_mundo
[0.662s] running install
[0.662s] running install_lib
[0.663s] copying /home/olin/github/meu_workspace/build/ola_mundo/build/lib/ola_mundo/draw_circle.py -> /home/olin/github/meu_workspace/install/ola_mundo/lib/python3.10/site-packages/ola_mundo
[0.663s] byte-compiling /home/olin/github/meu_workspace/install/ola_mundo/lib/python3.10/site-packages/ola_mundo/draw_circle.py to draw_circle.cpython-310.pyc
[0.664s] running install_data
[0.664s] running install_egg_info
[0.665s] removing '/home/olin/github/meu_workspace/install/ola_mundo/lib/python3.10/site-packages/ola_mundo-0.0.0-py3.10.egg-info' (and everything under it)
[0.665s] Copying ../../build/ola_mundo/ola_mundo.egg-info to /home/olin/github/meu_workspace/install/ola_mundo/lib/python3.10/site-packages/ola_mundo-0.0.0-py3.10.egg-info
[0.666s] running install_scripts
[0.680s] Installing ola script to /home/olin/github/meu_workspace/install/ola_mundo/lib/ola_mundo
[0.681s] writing list of installed files to '/home/olin/github/meu_workspace/build/ola_mundo/install.log'
[0.698s] Invoked command in '/home/olin/github/meu_workspace/src/ola_mundo' returned '0': PYTHONPATH=/home/olin/github/meu_workspace/build/ola_mundo/prefix_override:/home/olin/github/meu_workspace/install/ola_mundo/lib/python3.10/site-packages:${PYTHONPATH} /usr/bin/python3 -W ignore:setup.py install is deprecated setup.py egg_info --egg-base ../../build/ola_mundo build --build-base /home/olin/github/meu_workspace/build/ola_mundo/build install --record /home/olin/github/meu_workspace/build/ola_mundo/install.log --single-version-externally-managed install_data
