running egg_info
creating ../build/draw_circle/draw_circle.egg-info
writing ../build/draw_circle/draw_circle.egg-info/PKG-INFO
writing dependency_links to ../build/draw_circle/draw_circle.egg-info/dependency_links.txt
writing entry points to ../build/draw_circle/draw_circle.egg-info/entry_points.txt
writing requirements to ../build/draw_circle/draw_circle.egg-info/requires.txt
writing top-level names to ../build/draw_circle/draw_circle.egg-info/top_level.txt
writing manifest file '../build/draw_circle/draw_circle.egg-info/SOURCES.txt'
reading manifest file '../build/draw_circle/draw_circle.egg-info/SOURCES.txt'
writing manifest file '../build/draw_circle/draw_circle.egg-info/SOURCES.txt'
running build
running build_py
creating /home/olin/github/meu_workspace/build/draw_circle/build
creating /home/olin/github/meu_workspace/build/draw_circle/build/lib
creating /home/olin/github/meu_workspace/build/draw_circle/build/lib/draw_circle
copying draw_circle/draw.py -> /home/olin/github/meu_workspace/build/draw_circle/build/lib/draw_circle
copying draw_circle/__init__.py -> /home/olin/github/meu_workspace/build/draw_circle/build/lib/draw_circle
running install
running install_lib
creating /home/olin/github/meu_workspace/install/draw_circle/lib/python3.10/site-packages/draw_circle
copying /home/olin/github/meu_workspace/build/draw_circle/build/lib/draw_circle/draw.py -> /home/olin/github/meu_workspace/install/draw_circle/lib/python3.10/site-packages/draw_circle
copying /home/olin/github/meu_workspace/build/draw_circle/build/lib/draw_circle/__init__.py -> /home/olin/github/meu_workspace/install/draw_circle/lib/python3.10/site-packages/draw_circle
byte-compiling /home/olin/github/meu_workspace/install/draw_circle/lib/python3.10/site-packages/draw_circle/draw.py to draw.cpython-310.pyc
byte-compiling /home/olin/github/meu_workspace/install/draw_circle/lib/python3.10/site-packages/draw_circle/__init__.py to __init__.cpython-310.pyc
running install_data
creating /home/olin/github/meu_workspace/install/draw_circle/share/ament_index
creating /home/olin/github/meu_workspace/install/draw_circle/share/ament_index/resource_index
creating /home/olin/github/meu_workspace/install/draw_circle/share/ament_index/resource_index/packages
copying resource/draw_circle -> /home/olin/github/meu_workspace/install/draw_circle/share/ament_index/resource_index/packages
copying package.xml -> /home/olin/github/meu_workspace/install/draw_circle/share/draw_circle
running install_egg_info
Copying ../build/draw_circle/draw_circle.egg-info to /home/olin/github/meu_workspace/install/draw_circle/lib/python3.10/site-packages/draw_circle-0.0.0-py3.10.egg-info
running install_scripts
writing list of installed files to '/home/olin/github/meu_workspace/build/draw_circle/install.log'
