[0.007s] Invoking command in '/home/olin/github/meu_workspace/build/turtlesim': CMAKE_PREFIX_PATH=/opt/ros/humble /usr/bin/cmake /home/olin/github/meu_workspace/src/ros_tutorials/turtlesim -DCMAKE_INSTALL_PREFIX=/home/olin/github/meu_workspace/install/turtlesim
[0.133s] -- The C compiler identification is GNU 11.4.0
[0.236s] -- The CXX compiler identification is GNU 11.4.0
[0.243s] -- Detecting C compiler ABI info
[0.308s] -- Detecting C compiler ABI info - done
[0.312s] -- Check for working C compiler: /usr/bin/cc - skipped
[0.313s] -- Detecting C compile features
[0.313s] -- Detecting C compile features - done
[0.316s] -- Detecting CXX compiler ABI info
[0.366s] -- Detecting CXX compiler ABI info - done
[0.371s] -- Check for working CXX compiler: /usr/bin/c++ - skipped
[0.372s] -- Detecting CXX compile features
[0.372s] -- Detecting CXX compile features - done
[0.378s] -- Found ament_cmake: 1.3.8 (/opt/ros/humble/share/ament_cmake/cmake)
[0.477s] -- Found Python3: /usr/bin/python3 (found version "3.10.12") found components: Interpreter 
[0.545s] -- Found ament_index_cpp: 1.4.0 (/opt/ros/humble/share/ament_index_cpp/cmake)
[0.547s] -- Found geometry_msgs: 4.2.3 (/opt/ros/humble/share/geometry_msgs/cmake)
[0.581s] -- Found rosidl_generator_c: 3.1.5 (/opt/ros/humble/share/rosidl_generator_c/cmake)
[0.585s] -- Found rosidl_adapter: 3.1.5 (/opt/ros/humble/share/rosidl_adapter/cmake)
[0.592s] -- Found rosidl_generator_cpp: 3.1.5 (/opt/ros/humble/share/rosidl_generator_cpp/cmake)
[0.604s] -- Using all available rosidl_typesupport_c: rosidl_typesupport_fastrtps_c;rosidl_typesupport_introspection_c
[0.620s] -- Using all available rosidl_typesupport_cpp: rosidl_typesupport_fastrtps_cpp;rosidl_typesupport_introspection_cpp
[0.715s] -- Found rclcpp: 16.0.8 (/opt/ros/humble/share/rclcpp/cmake)
[0.762s] -- Found rmw_implementation_cmake: 6.1.1 (/opt/ros/humble/share/rmw_implementation_cmake/cmake)
[0.764s] -- Found rmw_fastrtps_cpp: 6.2.6 (/opt/ros/humble/share/rmw_fastrtps_cpp/cmake)
[0.834s] -- Found OpenSSL: /usr/lib/x86_64-linux-gnu/libcrypto.so (found version "3.0.2")  
[0.852s] -- Found FastRTPS: /opt/ros/humble/include  
[0.881s] -- Using RMW implementation 'rmw_fastrtps_cpp' as default
[0.889s] -- Looking for pthread.h
[0.960s] -- Looking for pthread.h - found
[0.960s] -- Performing Test CMAKE_HAVE_LIBC_PTHREAD
[1.017s] -- Performing Test CMAKE_HAVE_LIBC_PTHREAD - Success
[1.018s] -- Found Threads: TRUE  
[1.113s] -- Found rclcpp_action: 16.0.8 (/opt/ros/humble/share/rclcpp_action/cmake)
[1.183s] -- Found rosidl_default_generators: 1.2.0 (/opt/ros/humble/share/rosidl_default_generators/cmake)
[1.190s] -- Found std_srvs: 4.2.3 (/opt/ros/humble/share/std_srvs/cmake)
[1.419s] -- Found ament_cmake_ros: 0.10.0 (/opt/ros/humble/share/ament_cmake_ros/cmake)
[1.639s] -- Using all available rosidl_typesupport_c: rosidl_typesupport_fastrtps_c;rosidl_typesupport_introspection_c
[1.715s] -- Using all available rosidl_typesupport_cpp: rosidl_typesupport_fastrtps_cpp;rosidl_typesupport_introspection_cpp
[1.729s] -- Found PythonInterp: /usr/bin/python3 (found suitable version "3.10.12", minimum required is "3.6") 
[1.731s] -- Found python_cmake_module: 0.10.0 (/opt/ros/humble/share/python_cmake_module/cmake)
[1.750s] -- Found PythonLibs: /usr/lib/x86_64-linux-gnu/libpython3.10.so (found suitable version "3.10.12", minimum required is "3.5") 
[1.750s] -- Using PYTHON_EXECUTABLE: /usr/bin/python3
[1.750s] -- Using PYTHON_INCLUDE_DIRS: /usr/include/python3.10
[1.750s] -- Using PYTHON_LIBRARIES: /usr/lib/x86_64-linux-gnu/libpython3.10.so
[1.763s] -- Found PythonExtra: .so  
[1.797s] -- Configuring done
[1.831s] -- Generating done
[1.833s] -- Build files have been written to: /home/olin/github/meu_workspace/build/turtlesim
[1.842s] Invoked command in '/home/olin/github/meu_workspace/build/turtlesim' returned '0': CMAKE_PREFIX_PATH=/opt/ros/humble /usr/bin/cmake /home/olin/github/meu_workspace/src/ros_tutorials/turtlesim -DCMAKE_INSTALL_PREFIX=/home/olin/github/meu_workspace/install/turtlesim
[1.843s] Invoking command in '/home/olin/github/meu_workspace/build/turtlesim': CMAKE_PREFIX_PATH=/opt/ros/humble /usr/bin/cmake --build /home/olin/github/meu_workspace/build/turtlesim -- -j8 -l8
[1.870s] [  1%] [34m[1mGenerating C code for ROS interfaces[0m
[1.877s] [  2%] [34m[1mGenerating C++ code for ROS interfaces[0m
[1.882s] [  2%] Built target ament_cmake_python_copy_turtlesim
[2.039s] running egg_info
[2.039s] creating turtlesim.egg-info
[2.039s] writing turtlesim.egg-info/PKG-INFO
[2.039s] writing dependency_links to turtlesim.egg-info/dependency_links.txt
[2.039s] writing top-level names to turtlesim.egg-info/top_level.txt
[2.039s] writing manifest file 'turtlesim.egg-info/SOURCES.txt'
[2.041s] reading manifest file 'turtlesim.egg-info/SOURCES.txt'
[2.042s] writing manifest file 'turtlesim.egg-info/SOURCES.txt'
[2.059s] [  2%] Built target ament_cmake_python_build_turtlesim_egg
[2.481s] [  2%] Built target turtlesim__cpp
[2.489s] [  5%] [34m[1mGenerating C++ introspection for ROS interfaces[0m
[2.489s] [  5%] [34m[1mGenerating C++ type support dispatch for ROS interfaces[0m
[2.489s] [  5%] [34m[1mGenerating C++ type support for eProsima Fast-RTPS[0m
[2.567s] [  8%] [32mBuilding C object CMakeFiles/turtlesim__rosidl_generator_c.dir/rosidl_generator_c/turtlesim/action/detail/rotate_absolute__functions.c.o[0m
[2.567s] [  8%] [32mBuilding C object CMakeFiles/turtlesim__rosidl_generator_c.dir/rosidl_generator_c/turtlesim/msg/detail/pose__functions.c.o[0m
[2.567s] [  9%] [32mBuilding C object CMakeFiles/turtlesim__rosidl_generator_c.dir/rosidl_generator_c/turtlesim/srv/detail/set_pen__functions.c.o[0m
[2.567s] [  9%] [32mBuilding C object CMakeFiles/turtlesim__rosidl_generator_c.dir/rosidl_generator_c/turtlesim/srv/detail/kill__functions.c.o[0m
[2.567s] [ 10%] [32mBuilding C object CMakeFiles/turtlesim__rosidl_generator_c.dir/rosidl_generator_c/turtlesim/msg/detail/color__functions.c.o[0m
[2.636s] [ 11%] [32mBuilding C object CMakeFiles/turtlesim__rosidl_generator_c.dir/rosidl_generator_c/turtlesim/srv/detail/spawn__functions.c.o[0m
[2.644s] [ 12%] [32mBuilding C object CMakeFiles/turtlesim__rosidl_generator_c.dir/rosidl_generator_c/turtlesim/srv/detail/teleport_absolute__functions.c.o[0m
[2.645s] [ 13%] [32mBuilding C object CMakeFiles/turtlesim__rosidl_generator_c.dir/rosidl_generator_c/turtlesim/srv/detail/teleport_relative__functions.c.o[0m
[2.718s] [ 14%] [32m[1mLinking C shared library libturtlesim__rosidl_generator_c.so[0m
[2.748s] [ 14%] Built target turtlesim__rosidl_generator_c
[2.755s] [ 15%] [34m[1mGenerating C type support for eProsima Fast-RTPS[0m
[2.757s] [ 16%] [34m[1mGenerating C introspection for ROS interfaces[0m
[2.757s] [ 17%] [34m[1mGenerating C type support dispatch for ROS interfaces[0m
[3.129s] [ 18%] [32mBuilding CXX object CMakeFiles/turtlesim__rosidl_typesupport_introspection_cpp.dir/rosidl_typesupport_introspection_cpp/turtlesim/msg/detail/color__type_support.cpp.o[0m
[3.129s] [ 19%] [32mBuilding CXX object CMakeFiles/turtlesim__rosidl_typesupport_introspection_cpp.dir/rosidl_typesupport_introspection_cpp/turtlesim/action/detail/rotate_absolute__type_support.cpp.o[0m
[3.141s] [ 20%] [32mBuilding CXX object CMakeFiles/turtlesim__rosidl_typesupport_introspection_cpp.dir/rosidl_typesupport_introspection_cpp/turtlesim/msg/detail/pose__type_support.cpp.o[0m
[3.154s] [ 21%] [32mBuilding CXX object CMakeFiles/turtlesim__rosidl_typesupport_cpp.dir/rosidl_typesupport_cpp/turtlesim/action/rotate_absolute__type_support.cpp.o[0m
[3.260s] [ 22%] [32mBuilding CXX object CMakeFiles/turtlesim__rosidl_typesupport_c.dir/rosidl_typesupport_c/turtlesim/action/rotate_absolute__type_support.cpp.o[0m
[3.323s] [ 23%] [32mBuilding CXX object CMakeFiles/turtlesim__rosidl_typesupport_c.dir/rosidl_typesupport_c/turtlesim/msg/color__type_support.cpp.o[0m
[3.360s] [ 24%] [32mBuilding CXX object CMakeFiles/turtlesim__rosidl_typesupport_c.dir/rosidl_typesupport_c/turtlesim/msg/pose__type_support.cpp.o[0m
[3.396s] [ 25%] [32mBuilding CXX object CMakeFiles/turtlesim__rosidl_typesupport_c.dir/rosidl_typesupport_c/turtlesim/srv/kill__type_support.cpp.o[0m
[3.435s] [ 26%] [32mBuilding CXX object CMakeFiles/turtlesim__rosidl_typesupport_c.dir/rosidl_typesupport_c/turtlesim/srv/set_pen__type_support.cpp.o[0m
[3.474s] [ 27%] [32mBuilding CXX object CMakeFiles/turtlesim__rosidl_typesupport_c.dir/rosidl_typesupport_c/turtlesim/srv/spawn__type_support.cpp.o[0m
[3.512s] [ 28%] [32mBuilding CXX object CMakeFiles/turtlesim__rosidl_typesupport_c.dir/rosidl_typesupport_c/turtlesim/srv/teleport_absolute__type_support.cpp.o[0m
[3.551s] [ 29%] [32mBuilding CXX object CMakeFiles/turtlesim__rosidl_typesupport_c.dir/rosidl_typesupport_c/turtlesim/srv/teleport_relative__type_support.cpp.o[0m
[3.589s] [ 30%] [32m[1mLinking CXX shared library libturtlesim__rosidl_typesupport_c.so[0m
[3.616s] [ 31%] [32mBuilding CXX object CMakeFiles/turtlesim__rosidl_typesupport_cpp.dir/rosidl_typesupport_cpp/turtlesim/msg/color__type_support.cpp.o[0m
[3.624s] [ 32%] [32mBuilding CXX object CMakeFiles/turtlesim__rosidl_typesupport_introspection_cpp.dir/rosidl_typesupport_introspection_cpp/turtlesim/srv/detail/kill__type_support.cpp.o[0m
[3.643s] [ 32%] Built target turtlesim__rosidl_typesupport_c
[3.677s] [ 33%] [32mBuilding CXX object CMakeFiles/turtlesim__rosidl_typesupport_introspection_cpp.dir/rosidl_typesupport_introspection_cpp/turtlesim/srv/detail/set_pen__type_support.cpp.o[0m
[3.698s] [ 34%] [32mBuilding CXX object CMakeFiles/turtlesim__rosidl_typesupport_fastrtps_cpp.dir/rosidl_typesupport_fastrtps_cpp/turtlesim/action/detail/dds_fastrtps/rotate_absolute__type_support.cpp.o[0m
[3.707s] [ 35%] [32mBuilding CXX object CMakeFiles/turtlesim__rosidl_typesupport_cpp.dir/rosidl_typesupport_cpp/turtlesim/msg/pose__type_support.cpp.o[0m
[3.934s] [ 36%] [32mBuilding CXX object CMakeFiles/turtlesim__rosidl_typesupport_cpp.dir/rosidl_typesupport_cpp/turtlesim/srv/kill__type_support.cpp.o[0m
[3.934s] [ 37%] [32mBuilding C object CMakeFiles/turtlesim__rosidl_typesupport_introspection_c.dir/rosidl_typesupport_introspection_c/turtlesim/action/detail/rotate_absolute__type_support.c.o[0m
[3.942s] [ 38%] [32mBuilding C object CMakeFiles/turtlesim__rosidl_typesupport_introspection_c.dir/rosidl_typesupport_introspection_c/turtlesim/msg/detail/color__type_support.c.o[0m
[3.982s] [ 39%] [32mBuilding CXX object CMakeFiles/turtlesim__rosidl_typesupport_cpp.dir/rosidl_typesupport_cpp/turtlesim/srv/set_pen__type_support.cpp.o[0m
[3.988s] [ 40%] [32mBuilding C object CMakeFiles/turtlesim__rosidl_typesupport_introspection_c.dir/rosidl_typesupport_introspection_c/turtlesim/msg/detail/pose__type_support.c.o[0m
[3.994s] [ 41%] [32mBuilding CXX object CMakeFiles/turtlesim__rosidl_typesupport_fastrtps_c.dir/rosidl_typesupport_fastrtps_c/turtlesim/action/detail/rotate_absolute__type_support_c.cpp.o[0m
[4.027s] [ 42%] [32mBuilding C object CMakeFiles/turtlesim__rosidl_typesupport_introspection_c.dir/rosidl_typesupport_introspection_c/turtlesim/srv/detail/kill__type_support.c.o[0m
[4.029s] [ 43%] [32mBuilding CXX object CMakeFiles/turtlesim__rosidl_typesupport_fastrtps_cpp.dir/rosidl_typesupport_fastrtps_cpp/turtlesim/msg/detail/dds_fastrtps/color__type_support.cpp.o[0m
[4.070s] [ 44%] [32mBuilding C object CMakeFiles/turtlesim__rosidl_typesupport_introspection_c.dir/rosidl_typesupport_introspection_c/turtlesim/srv/detail/set_pen__type_support.c.o[0m
[4.085s] [ 45%] [32mBuilding CXX object CMakeFiles/turtlesim__rosidl_typesupport_introspection_cpp.dir/rosidl_typesupport_introspection_cpp/turtlesim/srv/detail/spawn__type_support.cpp.o[0m
[4.113s] [ 46%] [32mBuilding C object CMakeFiles/turtlesim__rosidl_typesupport_introspection_c.dir/rosidl_typesupport_introspection_c/turtlesim/srv/detail/spawn__type_support.c.o[0m
[4.139s] [ 47%] [32mBuilding CXX object CMakeFiles/turtlesim__rosidl_typesupport_introspection_cpp.dir/rosidl_typesupport_introspection_cpp/turtlesim/srv/detail/teleport_absolute__type_support.cpp.o[0m
[4.155s] [ 48%] [32mBuilding C object CMakeFiles/turtlesim__rosidl_typesupport_introspection_c.dir/rosidl_typesupport_introspection_c/turtlesim/srv/detail/teleport_absolute__type_support.c.o[0m
[4.197s] [ 49%] [32mBuilding C object CMakeFiles/turtlesim__rosidl_typesupport_introspection_c.dir/rosidl_typesupport_introspection_c/turtlesim/srv/detail/teleport_relative__type_support.c.o[0m
[4.241s] [ 50%] [32m[1mLinking C shared library libturtlesim__rosidl_typesupport_introspection_c.so[0m
[4.254s] [ 51%] [32mBuilding CXX object CMakeFiles/turtlesim__rosidl_typesupport_cpp.dir/rosidl_typesupport_cpp/turtlesim/srv/spawn__type_support.cpp.o[0m
[4.282s] [ 51%] Built target turtlesim__rosidl_typesupport_introspection_c
[4.292s] [ 52%] [32mBuilding CXX object CMakeFiles/turtlesim__rosidl_typesupport_cpp.dir/rosidl_typesupport_cpp/turtlesim/srv/teleport_absolute__type_support.cpp.o[0m
[4.310s] [ 53%] [32mBuilding CXX object CMakeFiles/turtlesim__rosidl_typesupport_cpp.dir/rosidl_typesupport_cpp/turtlesim/srv/teleport_relative__type_support.cpp.o[0m
[4.397s] [ 54%] [32mBuilding CXX object CMakeFiles/turtlesim__rosidl_typesupport_fastrtps_cpp.dir/rosidl_typesupport_fastrtps_cpp/turtlesim/msg/detail/dds_fastrtps/pose__type_support.cpp.o[0m
[4.460s] [ 55%] [32mBuilding CXX object CMakeFiles/turtlesim__rosidl_typesupport_fastrtps_c.dir/rosidl_typesupport_fastrtps_c/turtlesim/msg/detail/color__type_support_c.cpp.o[0m
[4.495s] [ 56%] [32mBuilding CXX object CMakeFiles/turtlesim__rosidl_typesupport_fastrtps_cpp.dir/rosidl_typesupport_fastrtps_cpp/turtlesim/srv/detail/dds_fastrtps/kill__type_support.cpp.o[0m
[4.548s] [ 57%] [32mBuilding CXX object CMakeFiles/turtlesim__rosidl_typesupport_introspection_cpp.dir/rosidl_typesupport_introspection_cpp/turtlesim/srv/detail/teleport_relative__type_support.cpp.o[0m
[4.581s] [ 58%] [32mBuilding CXX object CMakeFiles/turtlesim__rosidl_typesupport_fastrtps_cpp.dir/rosidl_typesupport_fastrtps_cpp/turtlesim/srv/detail/dds_fastrtps/set_pen__type_support.cpp.o[0m
[4.605s] [ 59%] [32mBuilding CXX object CMakeFiles/turtlesim__rosidl_typesupport_fastrtps_cpp.dir/rosidl_typesupport_fastrtps_cpp/turtlesim/srv/detail/dds_fastrtps/spawn__type_support.cpp.o[0m
[4.619s] [ 60%] [32mBuilding CXX object CMakeFiles/turtlesim__rosidl_typesupport_fastrtps_cpp.dir/rosidl_typesupport_fastrtps_cpp/turtlesim/srv/detail/dds_fastrtps/teleport_absolute__type_support.cpp.o[0m
[4.632s] [ 61%] [32m[1mLinking CXX shared library libturtlesim__rosidl_typesupport_cpp.so[0m
[4.684s] [ 61%] Built target turtlesim__rosidl_typesupport_cpp
[4.696s] [ 62%] [34m[1mGenerating include/turtlesim/moc_turtle_frame.cpp[0m
[4.809s] [ 63%] [32mBuilding CXX object CMakeFiles/turtlesim_node.dir/src/turtlesim.cpp.o[0m
[4.860s] [ 64%] [32mBuilding CXX object CMakeFiles/turtlesim__rosidl_typesupport_fastrtps_c.dir/rosidl_typesupport_fastrtps_c/turtlesim/msg/detail/pose__type_support_c.cpp.o[0m
[4.865s] [ 65%] [32mBuilding CXX object CMakeFiles/turtlesim__rosidl_typesupport_fastrtps_cpp.dir/rosidl_typesupport_fastrtps_cpp/turtlesim/srv/detail/dds_fastrtps/teleport_relative__type_support.cpp.o[0m
[4.986s] [ 66%] [32mBuilding CXX object CMakeFiles/turtlesim__rosidl_typesupport_fastrtps_c.dir/rosidl_typesupport_fastrtps_c/turtlesim/srv/detail/kill__type_support_c.cpp.o[0m
[5.004s] [ 67%] [32m[1mLinking CXX shared library libturtlesim__rosidl_typesupport_introspection_cpp.so[0m
[5.045s] [ 68%] [32mBuilding CXX object CMakeFiles/turtlesim_node.dir/src/turtle.cpp.o[0m
[5.099s] [ 69%] [32mBuilding CXX object CMakeFiles/turtlesim__rosidl_typesupport_fastrtps_c.dir/rosidl_typesupport_fastrtps_c/turtlesim/srv/detail/set_pen__type_support_c.cpp.o[0m
[5.110s] [ 70%] [32mBuilding CXX object CMakeFiles/turtlesim_node.dir/src/turtle_frame.cpp.o[0m
[5.111s] [ 70%] Built target turtlesim__rosidl_typesupport_introspection_cpp
[5.170s] [ 71%] [32mBuilding CXX object CMakeFiles/turtle_teleop_key.dir/tutorials/teleop_turtle_key.cpp.o[0m
[5.221s] [ 72%] [32mBuilding CXX object CMakeFiles/turtlesim__rosidl_typesupport_fastrtps_c.dir/rosidl_typesupport_fastrtps_c/turtlesim/srv/detail/spawn__type_support_c.cpp.o[0m
[5.348s] [ 73%] [32m[1mLinking CXX shared library libturtlesim__rosidl_typesupport_fastrtps_cpp.so[0m
[5.409s] [ 74%] [32mBuilding CXX object CMakeFiles/turtlesim__rosidl_typesupport_fastrtps_c.dir/rosidl_typesupport_fastrtps_c/turtlesim/srv/detail/teleport_absolute__type_support_c.cpp.o[0m
[5.442s] [ 74%] Built target turtlesim__rosidl_typesupport_fastrtps_cpp
[5.465s] [ 75%] [32mBuilding CXX object CMakeFiles/draw_square.dir/tutorials/draw_square.cpp.o[0m
[5.503s] [ 76%] [32mBuilding CXX object CMakeFiles/turtlesim__rosidl_typesupport_fastrtps_c.dir/rosidl_typesupport_fastrtps_c/turtlesim/srv/detail/teleport_relative__type_support_c.cpp.o[0m
[5.686s] [ 77%] [32mBuilding CXX object CMakeFiles/mimic.dir/tutorials/mimic.cpp.o[0m
[5.827s] [ 78%] [32mBuilding CXX object CMakeFiles/turtlesim_node.dir/include/turtlesim/moc_turtle_frame.cpp.o[0m
[5.927s] [ 79%] [32m[1mLinking CXX shared library libturtlesim__rosidl_typesupport_fastrtps_c.so[0m
[6.027s] [ 79%] Built target turtlesim__rosidl_typesupport_fastrtps_c
[6.050s] [ 79%] Built target turtlesim
[6.074s] [ 80%] [34m[1mGenerating Python code for ROS interfaces[0m
[9.471s] [ 80%] Built target turtlesim__py
[9.871s] [ 81%] [32mBuilding C object CMakeFiles/turtlesim__rosidl_generator_py.dir/rosidl_generator_py/turtlesim/action/_rotate_absolute_s.c.o[0m
[10.065s] [ 82%] [32mBuilding C object CMakeFiles/turtlesim__rosidl_generator_py.dir/rosidl_generator_py/turtlesim/msg/_color_s.c.o[0m
[10.187s] [ 83%] [32mBuilding C object CMakeFiles/turtlesim__rosidl_generator_py.dir/rosidl_generator_py/turtlesim/msg/_pose_s.c.o[0m
[10.337s] [ 84%] [32mBuilding C object CMakeFiles/turtlesim__rosidl_generator_py.dir/rosidl_generator_py/turtlesim/srv/_kill_s.c.o[0m
[10.497s] [ 85%] [32mBuilding C object CMakeFiles/turtlesim__rosidl_generator_py.dir/rosidl_generator_py/turtlesim/srv/_set_pen_s.c.o[0m
[10.688s] [ 86%] [32mBuilding C object CMakeFiles/turtlesim__rosidl_generator_py.dir/rosidl_generator_py/turtlesim/srv/_spawn_s.c.o[0m
[10.827s] [ 87%] [32mBuilding C object CMakeFiles/turtlesim__rosidl_generator_py.dir/rosidl_generator_py/turtlesim/srv/_teleport_absolute_s.c.o[0m
[10.990s] [ 88%] [32mBuilding C object CMakeFiles/turtlesim__rosidl_generator_py.dir/rosidl_generator_py/turtlesim/srv/_teleport_relative_s.c.o[0m
[11.133s] [ 89%] [32m[1mLinking C shared library rosidl_generator_py/turtlesim/libturtlesim__rosidl_generator_py.so[0m
[11.208s] [ 89%] Built target turtlesim__rosidl_generator_py
[11.231s] [ 90%] [32mBuilding C object CMakeFiles/turtlesim__rosidl_typesupport_fastrtps_c__pyext.dir/rosidl_generator_py/turtlesim/_turtlesim_s.ep.rosidl_typesupport_fastrtps_c.c.o[0m
[11.485s] [ 91%] [32m[1mLinking C shared library rosidl_generator_py/turtlesim/turtlesim_s__rosidl_typesupport_fastrtps_c.cpython-310-x86_64-linux-gnu.so[0m
[11.530s] [ 92%] [32mBuilding C object CMakeFiles/turtlesim__rosidl_typesupport_introspection_c__pyext.dir/rosidl_generator_py/turtlesim/_turtlesim_s.ep.rosidl_typesupport_introspection_c.c.o[0m
[11.532s] [ 92%] Built target turtlesim__rosidl_typesupport_fastrtps_c__pyext
[11.570s] [ 93%] [32mBuilding C object CMakeFiles/turtlesim__rosidl_typesupport_c__pyext.dir/rosidl_generator_py/turtlesim/_turtlesim_s.ep.rosidl_typesupport_c.c.o[0m
[11.719s] [ 94%] [32m[1mLinking C shared library rosidl_generator_py/turtlesim/turtlesim_s__rosidl_typesupport_introspection_c.cpython-310-x86_64-linux-gnu.so[0m
[11.762s] [ 94%] Built target turtlesim__rosidl_typesupport_introspection_c__pyext
[11.764s] [ 95%] [32m[1mLinking C shared library rosidl_generator_py/turtlesim/turtlesim_s__rosidl_typesupport_c.cpython-310-x86_64-linux-gnu.so[0m
[11.810s] [ 95%] Built target turtlesim__rosidl_typesupport_c__pyext
[12.756s] [ 96%] [32m[1mLinking CXX executable turtle_teleop_key[0m
[12.965s] [ 96%] Built target turtle_teleop_key
[15.478s] [ 97%] [32m[1mLinking CXX executable draw_square[0m
[15.547s] [ 98%] [32m[1mLinking CXX executable mimic[0m
[15.855s] [ 98%] Built target draw_square
[15.885s] [ 98%] Built target mimic
[17.795s] [100%] [32m[1mLinking CXX executable turtlesim_node[0m
[19.419s] [100%] Built target turtlesim_node
[19.428s] Invoked command in '/home/olin/github/meu_workspace/build/turtlesim' returned '0': CMAKE_PREFIX_PATH=/opt/ros/humble /usr/bin/cmake --build /home/olin/github/meu_workspace/build/turtlesim -- -j8 -l8
[19.560s] Invoking command in '/home/olin/github/meu_workspace/build/turtlesim': CMAKE_PREFIX_PATH=/opt/ros/humble /usr/bin/cmake --install /home/olin/github/meu_workspace/build/turtlesim
[19.566s] -- Install configuration: ""
[19.566s] -- Installing: /home/olin/github/meu_workspace/install/turtlesim/share/ament_index/resource_index/rosidl_interfaces/turtlesim
[19.566s] -- Installing: /home/olin/github/meu_workspace/install/turtlesim/include/turtlesim/turtlesim
[19.566s] -- Installing: /home/olin/github/meu_workspace/install/turtlesim/include/turtlesim/turtlesim/msg
[19.566s] -- Installing: /home/olin/github/meu_workspace/install/turtlesim/include/turtlesim/turtlesim/msg/pose.h
[19.566s] -- Installing: /home/olin/github/meu_workspace/install/turtlesim/include/turtlesim/turtlesim/msg/rosidl_generator_c__visibility_control.h
[19.567s] -- Installing: /home/olin/github/meu_workspace/install/turtlesim/include/turtlesim/turtlesim/msg/color.h
[19.567s] -- Installing: /home/olin/github/meu_workspace/install/turtlesim/include/turtlesim/turtlesim/msg/detail
[19.567s] -- Installing: /home/olin/github/meu_workspace/install/turtlesim/include/turtlesim/turtlesim/msg/detail/pose__functions.h
[19.567s] -- Installing: /home/olin/github/meu_workspace/install/turtlesim/include/turtlesim/turtlesim/msg/detail/pose__functions.c
[19.567s] -- Installing: /home/olin/github/meu_workspace/install/turtlesim/include/turtlesim/turtlesim/msg/detail/color__functions.h
[19.567s] -- Installing: /home/olin/github/meu_workspace/install/turtlesim/include/turtlesim/turtlesim/msg/detail/pose__struct.h
[19.567s] -- Installing: /home/olin/github/meu_workspace/install/turtlesim/include/turtlesim/turtlesim/msg/detail/pose__type_support.h
[19.567s] -- Installing: /home/olin/github/meu_workspace/install/turtlesim/include/turtlesim/turtlesim/msg/detail/color__struct.h
[19.567s] -- Installing: /home/olin/github/meu_workspace/install/turtlesim/include/turtlesim/turtlesim/msg/detail/color__functions.c
[19.567s] -- Installing: /home/olin/github/meu_workspace/install/turtlesim/include/turtlesim/turtlesim/msg/detail/color__type_support.h
[19.567s] -- Installing: /home/olin/github/meu_workspace/install/turtlesim/include/turtlesim/turtlesim/action
[19.567s] -- Installing: /home/olin/github/meu_workspace/install/turtlesim/include/turtlesim/turtlesim/action/rotate_absolute.h
[19.567s] -- Installing: /home/olin/github/meu_workspace/install/turtlesim/include/turtlesim/turtlesim/action/detail
[19.567s] -- Installing: /home/olin/github/meu_workspace/install/turtlesim/include/turtlesim/turtlesim/action/detail/rotate_absolute__type_support.h
[19.567s] -- Installing: /home/olin/github/meu_workspace/install/turtlesim/include/turtlesim/turtlesim/action/detail/rotate_absolute__functions.c
[19.567s] -- Installing: /home/olin/github/meu_workspace/install/turtlesim/include/turtlesim/turtlesim/action/detail/rotate_absolute__functions.h
[19.567s] -- Installing: /home/olin/github/meu_workspace/install/turtlesim/include/turtlesim/turtlesim/action/detail/rotate_absolute__struct.h
[19.567s] -- Installing: /home/olin/github/meu_workspace/install/turtlesim/include/turtlesim/turtlesim/srv
[19.567s] -- Installing: /home/olin/github/meu_workspace/install/turtlesim/include/turtlesim/turtlesim/srv/teleport_relative.h
[19.567s] -- Installing: /home/olin/github/meu_workspace/install/turtlesim/include/turtlesim/turtlesim/srv/kill.h
[19.568s] -- Installing: /home/olin/github/meu_workspace/install/turtlesim/include/turtlesim/turtlesim/srv/spawn.h
[19.568s] -- Installing: /home/olin/github/meu_workspace/install/turtlesim/include/turtlesim/turtlesim/srv/set_pen.h
[19.568s] -- Installing: /home/olin/github/meu_workspace/install/turtlesim/include/turtlesim/turtlesim/srv/teleport_absolute.h
[19.568s] -- Installing: /home/olin/github/meu_workspace/install/turtlesim/include/turtlesim/turtlesim/srv/detail
[19.568s] -- Installing: /home/olin/github/meu_workspace/install/turtlesim/include/turtlesim/turtlesim/srv/detail/kill__functions.h
[19.568s] -- Installing: /home/olin/github/meu_workspace/install/turtlesim/include/turtlesim/turtlesim/srv/detail/spawn__struct.h
[19.568s] -- Installing: /home/olin/github/meu_workspace/install/turtlesim/include/turtlesim/turtlesim/srv/detail/spawn__functions.c
[19.568s] -- Installing: /home/olin/github/meu_workspace/install/turtlesim/include/turtlesim/turtlesim/srv/detail/kill__functions.c
[19.568s] -- Installing: /home/olin/github/meu_workspace/install/turtlesim/include/turtlesim/turtlesim/srv/detail/teleport_absolute__struct.h
[19.568s] -- Installing: /home/olin/github/meu_workspace/install/turtlesim/include/turtlesim/turtlesim/srv/detail/spawn__functions.h
[19.568s] -- Installing: /home/olin/github/meu_workspace/install/turtlesim/include/turtlesim/turtlesim/srv/detail/set_pen__functions.h
[19.568s] -- Installing: /home/olin/github/meu_workspace/install/turtlesim/include/turtlesim/turtlesim/srv/detail/teleport_relative__functions.c
[19.568s] -- Installing: /home/olin/github/meu_workspace/install/turtlesim/include/turtlesim/turtlesim/srv/detail/teleport_absolute__type_support.h
[19.568s] -- Installing: /home/olin/github/meu_workspace/install/turtlesim/include/turtlesim/turtlesim/srv/detail/teleport_absolute__functions.c
[19.568s] -- Installing: /home/olin/github/meu_workspace/install/turtlesim/include/turtlesim/turtlesim/srv/detail/spawn__type_support.h
[19.568s] -- Installing: /home/olin/github/meu_workspace/install/turtlesim/include/turtlesim/turtlesim/srv/detail/set_pen__type_support.h
[19.568s] -- Installing: /home/olin/github/meu_workspace/install/turtlesim/include/turtlesim/turtlesim/srv/detail/set_pen__struct.h
[19.568s] -- Installing: /home/olin/github/meu_workspace/install/turtlesim/include/turtlesim/turtlesim/srv/detail/set_pen__functions.c
[19.568s] -- Installing: /home/olin/github/meu_workspace/install/turtlesim/include/turtlesim/turtlesim/srv/detail/teleport_relative__functions.h
[19.569s] -- Installing: /home/olin/github/meu_workspace/install/turtlesim/include/turtlesim/turtlesim/srv/detail/kill__struct.h
[19.569s] -- Installing: /home/olin/github/meu_workspace/install/turtlesim/include/turtlesim/turtlesim/srv/detail/teleport_relative__struct.h
[19.569s] -- Installing: /home/olin/github/meu_workspace/install/turtlesim/include/turtlesim/turtlesim/srv/detail/teleport_relative__type_support.h
[19.569s] -- Installing: /home/olin/github/meu_workspace/install/turtlesim/include/turtlesim/turtlesim/srv/detail/teleport_absolute__functions.h
[19.569s] -- Installing: /home/olin/github/meu_workspace/install/turtlesim/include/turtlesim/turtlesim/srv/detail/kill__type_support.h
[19.569s] -- Installing: /home/olin/github/meu_workspace/install/turtlesim/share/turtlesim/environment/library_path.sh
[19.569s] -- Installing: /home/olin/github/meu_workspace/install/turtlesim/share/turtlesim/environment/library_path.dsv
[19.569s] -- Installing: /home/olin/github/meu_workspace/install/turtlesim/lib/libturtlesim__rosidl_generator_c.so
[19.570s] -- Set runtime path of "/home/olin/github/meu_workspace/install/turtlesim/lib/libturtlesim__rosidl_generator_c.so" to ""
[19.570s] -- Up-to-date: /home/olin/github/meu_workspace/install/turtlesim/include/turtlesim/turtlesim
[19.570s] -- Up-to-date: /home/olin/github/meu_workspace/install/turtlesim/include/turtlesim/turtlesim/msg
[19.570s] -- Installing: /home/olin/github/meu_workspace/install/turtlesim/include/turtlesim/turtlesim/msg/rosidl_typesupport_fastrtps_c__visibility_control.h
[19.570s] -- Up-to-date: /home/olin/github/meu_workspace/install/turtlesim/include/turtlesim/turtlesim/msg/detail
[19.570s] -- Installing: /home/olin/github/meu_workspace/install/turtlesim/include/turtlesim/turtlesim/msg/detail/color__rosidl_typesupport_fastrtps_c.h
[19.570s] -- Installing: /home/olin/github/meu_workspace/install/turtlesim/include/turtlesim/turtlesim/msg/detail/pose__rosidl_typesupport_fastrtps_c.h
[19.570s] -- Up-to-date: /home/olin/github/meu_workspace/install/turtlesim/include/turtlesim/turtlesim/action
[19.570s] -- Up-to-date: /home/olin/github/meu_workspace/install/turtlesim/include/turtlesim/turtlesim/action/detail
[19.570s] -- Installing: /home/olin/github/meu_workspace/install/turtlesim/include/turtlesim/turtlesim/action/detail/rotate_absolute__rosidl_typesupport_fastrtps_c.h
[19.570s] -- Up-to-date: /home/olin/github/meu_workspace/install/turtlesim/include/turtlesim/turtlesim/srv
[19.570s] -- Up-to-date: /home/olin/github/meu_workspace/install/turtlesim/include/turtlesim/turtlesim/srv/detail
[19.570s] -- Installing: /home/olin/github/meu_workspace/install/turtlesim/include/turtlesim/turtlesim/srv/detail/teleport_absolute__rosidl_typesupport_fastrtps_c.h
[19.570s] -- Installing: /home/olin/github/meu_workspace/install/turtlesim/include/turtlesim/turtlesim/srv/detail/teleport_relative__rosidl_typesupport_fastrtps_c.h
[19.570s] -- Installing: /home/olin/github/meu_workspace/install/turtlesim/include/turtlesim/turtlesim/srv/detail/kill__rosidl_typesupport_fastrtps_c.h
[19.570s] -- Installing: /home/olin/github/meu_workspace/install/turtlesim/include/turtlesim/turtlesim/srv/detail/spawn__rosidl_typesupport_fastrtps_c.h
[19.570s] -- Installing: /home/olin/github/meu_workspace/install/turtlesim/include/turtlesim/turtlesim/srv/detail/set_pen__rosidl_typesupport_fastrtps_c.h
[19.570s] -- Installing: /home/olin/github/meu_workspace/install/turtlesim/lib/libturtlesim__rosidl_typesupport_fastrtps_c.so
[19.571s] -- Set runtime path of "/home/olin/github/meu_workspace/install/turtlesim/lib/libturtlesim__rosidl_typesupport_fastrtps_c.so" to ""
[19.571s] -- Up-to-date: /home/olin/github/meu_workspace/install/turtlesim/include/turtlesim/turtlesim
[19.571s] -- Up-to-date: /home/olin/github/meu_workspace/install/turtlesim/include/turtlesim/turtlesim/msg
[19.571s] -- Installing: /home/olin/github/meu_workspace/install/turtlesim/include/turtlesim/turtlesim/msg/color.hpp
[19.571s] -- Installing: /home/olin/github/meu_workspace/install/turtlesim/include/turtlesim/turtlesim/msg/pose.hpp
[19.571s] -- Up-to-date: /home/olin/github/meu_workspace/install/turtlesim/include/turtlesim/turtlesim/msg/detail
[19.571s] -- Installing: /home/olin/github/meu_workspace/install/turtlesim/include/turtlesim/turtlesim/msg/detail/color__builder.hpp
[19.571s] -- Installing: /home/olin/github/meu_workspace/install/turtlesim/include/turtlesim/turtlesim/msg/detail/color__traits.hpp
[19.571s] -- Installing: /home/olin/github/meu_workspace/install/turtlesim/include/turtlesim/turtlesim/msg/detail/pose__builder.hpp
[19.571s] -- Installing: /home/olin/github/meu_workspace/install/turtlesim/include/turtlesim/turtlesim/msg/detail/color__struct.hpp
[19.571s] -- Installing: /home/olin/github/meu_workspace/install/turtlesim/include/turtlesim/turtlesim/msg/detail/pose__struct.hpp
[19.571s] -- Installing: /home/olin/github/meu_workspace/install/turtlesim/include/turtlesim/turtlesim/msg/detail/pose__traits.hpp
[19.571s] -- Up-to-date: /home/olin/github/meu_workspace/install/turtlesim/include/turtlesim/turtlesim/action
[19.571s] -- Installing: /home/olin/github/meu_workspace/install/turtlesim/include/turtlesim/turtlesim/action/rotate_absolute.hpp
[19.571s] -- Up-to-date: /home/olin/github/meu_workspace/install/turtlesim/include/turtlesim/turtlesim/action/detail
[19.571s] -- Installing: /home/olin/github/meu_workspace/install/turtlesim/include/turtlesim/turtlesim/action/detail/rotate_absolute__struct.hpp
[19.571s] -- Installing: /home/olin/github/meu_workspace/install/turtlesim/include/turtlesim/turtlesim/action/detail/rotate_absolute__traits.hpp
[19.571s] -- Installing: /home/olin/github/meu_workspace/install/turtlesim/include/turtlesim/turtlesim/action/detail/rotate_absolute__builder.hpp
[19.571s] -- Up-to-date: /home/olin/github/meu_workspace/install/turtlesim/include/turtlesim/turtlesim/srv
[19.571s] -- Installing: /home/olin/github/meu_workspace/install/turtlesim/include/turtlesim/turtlesim/srv/teleport_absolute.hpp
[19.571s] -- Installing: /home/olin/github/meu_workspace/install/turtlesim/include/turtlesim/turtlesim/srv/set_pen.hpp
[19.571s] -- Installing: /home/olin/github/meu_workspace/install/turtlesim/include/turtlesim/turtlesim/srv/spawn.hpp
[19.572s] -- Installing: /home/olin/github/meu_workspace/install/turtlesim/include/turtlesim/turtlesim/srv/teleport_relative.hpp
[19.572s] -- Up-to-date: /home/olin/github/meu_workspace/install/turtlesim/include/turtlesim/turtlesim/srv/detail
[19.572s] -- Installing: /home/olin/github/meu_workspace/install/turtlesim/include/turtlesim/turtlesim/srv/detail/teleport_absolute__traits.hpp
[19.572s] -- Installing: /home/olin/github/meu_workspace/install/turtlesim/include/turtlesim/turtlesim/srv/detail/kill__traits.hpp
[19.572s] -- Installing: /home/olin/github/meu_workspace/install/turtlesim/include/turtlesim/turtlesim/srv/detail/teleport_absolute__builder.hpp
[19.572s] -- Installing: /home/olin/github/meu_workspace/install/turtlesim/include/turtlesim/turtlesim/srv/detail/teleport_absolute__struct.hpp
[19.572s] -- Installing: /home/olin/github/meu_workspace/install/turtlesim/include/turtlesim/turtlesim/srv/detail/set_pen__builder.hpp
[19.572s] -- Installing: /home/olin/github/meu_workspace/install/turtlesim/include/turtlesim/turtlesim/srv/detail/spawn__builder.hpp
[19.572s] -- Installing: /home/olin/github/meu_workspace/install/turtlesim/include/turtlesim/turtlesim/srv/detail/set_pen__struct.hpp
[19.572s] -- Installing: /home/olin/github/meu_workspace/install/turtlesim/include/turtlesim/turtlesim/srv/detail/kill__struct.hpp
[19.572s] -- Installing: /home/olin/github/meu_workspace/install/turtlesim/include/turtlesim/turtlesim/srv/detail/teleport_relative__traits.hpp
[19.572s] -- Installing: /home/olin/github/meu_workspace/install/turtlesim/include/turtlesim/turtlesim/srv/detail/teleport_relative__struct.hpp
[19.572s] -- Installing: /home/olin/github/meu_workspace/install/turtlesim/include/turtlesim/turtlesim/srv/detail/teleport_relative__builder.hpp
[19.572s] -- Installing: /home/olin/github/meu_workspace/install/turtlesim/include/turtlesim/turtlesim/srv/detail/set_pen__traits.hpp
[19.572s] -- Installing: /home/olin/github/meu_workspace/install/turtlesim/include/turtlesim/turtlesim/srv/detail/spawn__traits.hpp
[19.572s] -- Installing: /home/olin/github/meu_workspace/install/turtlesim/include/turtlesim/turtlesim/srv/detail/spawn__struct.hpp
[19.572s] -- Installing: /home/olin/github/meu_workspace/install/turtlesim/include/turtlesim/turtlesim/srv/detail/kill__builder.hpp
[19.572s] -- Installing: /home/olin/github/meu_workspace/install/turtlesim/include/turtlesim/turtlesim/srv/kill.hpp
[19.572s] -- Up-to-date: /home/olin/github/meu_workspace/install/turtlesim/include/turtlesim/turtlesim
[19.572s] -- Up-to-date: /home/olin/github/meu_workspace/install/turtlesim/include/turtlesim/turtlesim/msg
[19.572s] -- Installing: /home/olin/github/meu_workspace/install/turtlesim/include/turtlesim/turtlesim/msg/rosidl_typesupport_fastrtps_cpp__visibility_control.h
[19.573s] -- Up-to-date: /home/olin/github/meu_workspace/install/turtlesim/include/turtlesim/turtlesim/msg/detail
[19.573s] -- Installing: /home/olin/github/meu_workspace/install/turtlesim/include/turtlesim/turtlesim/msg/detail/color__rosidl_typesupport_fastrtps_cpp.hpp
[19.573s] -- Installing: /home/olin/github/meu_workspace/install/turtlesim/include/turtlesim/turtlesim/msg/detail/pose__rosidl_typesupport_fastrtps_cpp.hpp
[19.573s] -- Installing: /home/olin/github/meu_workspace/install/turtlesim/include/turtlesim/turtlesim/msg/detail/dds_fastrtps
[19.573s] -- Up-to-date: /home/olin/github/meu_workspace/install/turtlesim/include/turtlesim/turtlesim/action
[19.573s] -- Up-to-date: /home/olin/github/meu_workspace/install/turtlesim/include/turtlesim/turtlesim/action/detail
[19.573s] -- Installing: /home/olin/github/meu_workspace/install/turtlesim/include/turtlesim/turtlesim/action/detail/rotate_absolute__rosidl_typesupport_fastrtps_cpp.hpp
[19.573s] -- Installing: /home/olin/github/meu_workspace/install/turtlesim/include/turtlesim/turtlesim/action/detail/dds_fastrtps
[19.573s] -- Up-to-date: /home/olin/github/meu_workspace/install/turtlesim/include/turtlesim/turtlesim/srv
[19.573s] -- Up-to-date: /home/olin/github/meu_workspace/install/turtlesim/include/turtlesim/turtlesim/srv/detail
[19.573s] -- Installing: /home/olin/github/meu_workspace/install/turtlesim/include/turtlesim/turtlesim/srv/detail/teleport_relative__rosidl_typesupport_fastrtps_cpp.hpp
[19.573s] -- Installing: /home/olin/github/meu_workspace/install/turtlesim/include/turtlesim/turtlesim/srv/detail/kill__rosidl_typesupport_fastrtps_cpp.hpp
[19.573s] -- Installing: /home/olin/github/meu_workspace/install/turtlesim/include/turtlesim/turtlesim/srv/detail/set_pen__rosidl_typesupport_fastrtps_cpp.hpp
[19.573s] -- Installing: /home/olin/github/meu_workspace/install/turtlesim/include/turtlesim/turtlesim/srv/detail/spawn__rosidl_typesupport_fastrtps_cpp.hpp
[19.573s] -- Installing: /home/olin/github/meu_workspace/install/turtlesim/include/turtlesim/turtlesim/srv/detail/teleport_absolute__rosidl_typesupport_fastrtps_cpp.hpp
[19.573s] -- Installing: /home/olin/github/meu_workspace/install/turtlesim/include/turtlesim/turtlesim/srv/detail/dds_fastrtps
[19.573s] -- Installing: /home/olin/github/meu_workspace/install/turtlesim/lib/libturtlesim__rosidl_typesupport_fastrtps_cpp.so
[19.574s] -- Set runtime path of "/home/olin/github/meu_workspace/install/turtlesim/lib/libturtlesim__rosidl_typesupport_fastrtps_cpp.so" to ""
[19.574s] -- Up-to-date: /home/olin/github/meu_workspace/install/turtlesim/include/turtlesim/turtlesim
[19.574s] -- Up-to-date: /home/olin/github/meu_workspace/install/turtlesim/include/turtlesim/turtlesim/msg
[19.574s] -- Installing: /home/olin/github/meu_workspace/install/turtlesim/include/turtlesim/turtlesim/msg/rosidl_typesupport_introspection_c__visibility_control.h
[19.574s] -- Up-to-date: /home/olin/github/meu_workspace/install/turtlesim/include/turtlesim/turtlesim/msg/detail
[19.574s] -- Installing: /home/olin/github/meu_workspace/install/turtlesim/include/turtlesim/turtlesim/msg/detail/pose__type_support.c
[19.574s] -- Installing: /home/olin/github/meu_workspace/install/turtlesim/include/turtlesim/turtlesim/msg/detail/pose__rosidl_typesupport_introspection_c.h
[19.574s] -- Installing: /home/olin/github/meu_workspace/install/turtlesim/include/turtlesim/turtlesim/msg/detail/color__rosidl_typesupport_introspection_c.h
[19.574s] -- Installing: /home/olin/github/meu_workspace/install/turtlesim/include/turtlesim/turtlesim/msg/detail/color__type_support.c
[19.574s] -- Up-to-date: /home/olin/github/meu_workspace/install/turtlesim/include/turtlesim/turtlesim/action
[19.574s] -- Up-to-date: /home/olin/github/meu_workspace/install/turtlesim/include/turtlesim/turtlesim/action/detail
[19.574s] -- Installing: /home/olin/github/meu_workspace/install/turtlesim/include/turtlesim/turtlesim/action/detail/rotate_absolute__rosidl_typesupport_introspection_c.h
[19.574s] -- Installing: /home/olin/github/meu_workspace/install/turtlesim/include/turtlesim/turtlesim/action/detail/rotate_absolute__type_support.c
[19.574s] -- Up-to-date: /home/olin/github/meu_workspace/install/turtlesim/include/turtlesim/turtlesim/srv
[19.574s] -- Up-to-date: /home/olin/github/meu_workspace/install/turtlesim/include/turtlesim/turtlesim/srv/detail
[19.574s] -- Installing: /home/olin/github/meu_workspace/install/turtlesim/include/turtlesim/turtlesim/srv/detail/teleport_absolute__type_support.c
[19.574s] -- Installing: /home/olin/github/meu_workspace/install/turtlesim/include/turtlesim/turtlesim/srv/detail/teleport_absolute__rosidl_typesupport_introspection_c.h
[19.575s] -- Installing: /home/olin/github/meu_workspace/install/turtlesim/include/turtlesim/turtlesim/srv/detail/kill__type_support.c
[19.575s] -- Installing: /home/olin/github/meu_workspace/install/turtlesim/include/turtlesim/turtlesim/srv/detail/teleport_relative__type_support.c
[19.575s] -- Installing: /home/olin/github/meu_workspace/install/turtlesim/include/turtlesim/turtlesim/srv/detail/spawn__rosidl_typesupport_introspection_c.h
[19.575s] -- Installing: /home/olin/github/meu_workspace/install/turtlesim/include/turtlesim/turtlesim/srv/detail/set_pen__rosidl_typesupport_introspection_c.h
[19.575s] -- Installing: /home/olin/github/meu_workspace/install/turtlesim/include/turtlesim/turtlesim/srv/detail/teleport_relative__rosidl_typesupport_introspection_c.h
[19.575s] -- Installing: /home/olin/github/meu_workspace/install/turtlesim/include/turtlesim/turtlesim/srv/detail/spawn__type_support.c
[19.575s] -- Installing: /home/olin/github/meu_workspace/install/turtlesim/include/turtlesim/turtlesim/srv/detail/kill__rosidl_typesupport_introspection_c.h
[19.575s] -- Installing: /home/olin/github/meu_workspace/install/turtlesim/include/turtlesim/turtlesim/srv/detail/set_pen__type_support.c
[19.575s] -- Installing: /home/olin/github/meu_workspace/install/turtlesim/lib/libturtlesim__rosidl_typesupport_introspection_c.so
[19.575s] -- Set runtime path of "/home/olin/github/meu_workspace/install/turtlesim/lib/libturtlesim__rosidl_typesupport_introspection_c.so" to ""
[19.575s] -- Installing: /home/olin/github/meu_workspace/install/turtlesim/lib/libturtlesim__rosidl_typesupport_c.so
[19.575s] -- Set runtime path of "/home/olin/github/meu_workspace/install/turtlesim/lib/libturtlesim__rosidl_typesupport_c.so" to ""
[19.575s] -- Up-to-date: /home/olin/github/meu_workspace/install/turtlesim/include/turtlesim/turtlesim
[19.575s] -- Up-to-date: /home/olin/github/meu_workspace/install/turtlesim/include/turtlesim/turtlesim/msg
[19.575s] -- Up-to-date: /home/olin/github/meu_workspace/install/turtlesim/include/turtlesim/turtlesim/msg/detail
[19.575s] -- Installing: /home/olin/github/meu_workspace/install/turtlesim/include/turtlesim/turtlesim/msg/detail/color__rosidl_typesupport_introspection_cpp.hpp
[19.575s] -- Installing: /home/olin/github/meu_workspace/install/turtlesim/include/turtlesim/turtlesim/msg/detail/pose__type_support.cpp
[19.575s] -- Installing: /home/olin/github/meu_workspace/install/turtlesim/include/turtlesim/turtlesim/msg/detail/color__type_support.cpp
[19.575s] -- Installing: /home/olin/github/meu_workspace/install/turtlesim/include/turtlesim/turtlesim/msg/detail/pose__rosidl_typesupport_introspection_cpp.hpp
[19.575s] -- Up-to-date: /home/olin/github/meu_workspace/install/turtlesim/include/turtlesim/turtlesim/action
[19.575s] -- Up-to-date: /home/olin/github/meu_workspace/install/turtlesim/include/turtlesim/turtlesim/action/detail
[19.575s] -- Installing: /home/olin/github/meu_workspace/install/turtlesim/include/turtlesim/turtlesim/action/detail/rotate_absolute__type_support.cpp
[19.575s] -- Installing: /home/olin/github/meu_workspace/install/turtlesim/include/turtlesim/turtlesim/action/detail/rotate_absolute__rosidl_typesupport_introspection_cpp.hpp
[19.576s] -- Up-to-date: /home/olin/github/meu_workspace/install/turtlesim/include/turtlesim/turtlesim/srv
[19.576s] -- Up-to-date: /home/olin/github/meu_workspace/install/turtlesim/include/turtlesim/turtlesim/srv/detail
[19.576s] -- Installing: /home/olin/github/meu_workspace/install/turtlesim/include/turtlesim/turtlesim/srv/detail/kill__type_support.cpp
[19.576s] -- Installing: /home/olin/github/meu_workspace/install/turtlesim/include/turtlesim/turtlesim/srv/detail/kill__rosidl_typesupport_introspection_cpp.hpp
[19.576s] -- Installing: /home/olin/github/meu_workspace/install/turtlesim/include/turtlesim/turtlesim/srv/detail/spawn__rosidl_typesupport_introspection_cpp.hpp
[19.576s] -- Installing: /home/olin/github/meu_workspace/install/turtlesim/include/turtlesim/turtlesim/srv/detail/teleport_absolute__rosidl_typesupport_introspection_cpp.hpp
[19.576s] -- Installing: /home/olin/github/meu_workspace/install/turtlesim/include/turtlesim/turtlesim/srv/detail/set_pen__type_support.cpp
[19.576s] -- Installing: /home/olin/github/meu_workspace/install/turtlesim/include/turtlesim/turtlesim/srv/detail/teleport_relative__type_support.cpp
[19.576s] -- Installing: /home/olin/github/meu_workspace/install/turtlesim/include/turtlesim/turtlesim/srv/detail/teleport_relative__rosidl_typesupport_introspection_cpp.hpp
[19.576s] -- Installing: /home/olin/github/meu_workspace/install/turtlesim/include/turtlesim/turtlesim/srv/detail/set_pen__rosidl_typesupport_introspection_cpp.hpp
[19.576s] -- Installing: /home/olin/github/meu_workspace/install/turtlesim/include/turtlesim/turtlesim/srv/detail/teleport_absolute__type_support.cpp
[19.576s] -- Installing: /home/olin/github/meu_workspace/install/turtlesim/include/turtlesim/turtlesim/srv/detail/spawn__type_support.cpp
[19.576s] -- Installing: /home/olin/github/meu_workspace/install/turtlesim/lib/libturtlesim__rosidl_typesupport_introspection_cpp.so
[19.576s] -- Set runtime path of "/home/olin/github/meu_workspace/install/turtlesim/lib/libturtlesim__rosidl_typesupport_introspection_cpp.so" to ""
[19.576s] -- Installing: /home/olin/github/meu_workspace/install/turtlesim/lib/libturtlesim__rosidl_typesupport_cpp.so
[19.577s] -- Set runtime path of "/home/olin/github/meu_workspace/install/turtlesim/lib/libturtlesim__rosidl_typesupport_cpp.so" to ""
[19.577s] -- Installing: /home/olin/github/meu_workspace/install/turtlesim/share/turtlesim/environment/pythonpath.sh
[19.577s] -- Installing: /home/olin/github/meu_workspace/install/turtlesim/share/turtlesim/environment/pythonpath.dsv
[19.577s] -- Installing: /home/olin/github/meu_workspace/install/turtlesim/local/lib/python3.10/dist-packages/turtlesim-1.4.2-py3.10.egg-info
[19.577s] -- Installing: /home/olin/github/meu_workspace/install/turtlesim/local/lib/python3.10/dist-packages/turtlesim-1.4.2-py3.10.egg-info/SOURCES.txt
[19.577s] -- Installing: /home/olin/github/meu_workspace/install/turtlesim/local/lib/python3.10/dist-packages/turtlesim-1.4.2-py3.10.egg-info/top_level.txt
[19.577s] -- Installing: /home/olin/github/meu_workspace/install/turtlesim/local/lib/python3.10/dist-packages/turtlesim-1.4.2-py3.10.egg-info/PKG-INFO
[19.577s] -- Installing: /home/olin/github/meu_workspace/install/turtlesim/local/lib/python3.10/dist-packages/turtlesim-1.4.2-py3.10.egg-info/dependency_links.txt
[19.577s] -- Installing: /home/olin/github/meu_workspace/install/turtlesim/local/lib/python3.10/dist-packages/turtlesim
[19.577s] -- Installing: /home/olin/github/meu_workspace/install/turtlesim/local/lib/python3.10/dist-packages/turtlesim/turtlesim_s__rosidl_typesupport_fastrtps_c.cpython-310-x86_64-linux-gnu.so
[19.577s] -- Installing: /home/olin/github/meu_workspace/install/turtlesim/local/lib/python3.10/dist-packages/turtlesim/msg
[19.577s] -- Installing: /home/olin/github/meu_workspace/install/turtlesim/local/lib/python3.10/dist-packages/turtlesim/msg/_pose.py
[19.577s] -- Installing: /home/olin/github/meu_workspace/install/turtlesim/local/lib/python3.10/dist-packages/turtlesim/msg/_pose_s.c
[19.577s] -- Installing: /home/olin/github/meu_workspace/install/turtlesim/local/lib/python3.10/dist-packages/turtlesim/msg/__init__.py
[19.577s] -- Installing: /home/olin/github/meu_workspace/install/turtlesim/local/lib/python3.10/dist-packages/turtlesim/msg/_color.py
[19.577s] -- Installing: /home/olin/github/meu_workspace/install/turtlesim/local/lib/python3.10/dist-packages/turtlesim/msg/_color_s.c
[19.578s] -- Installing: /home/olin/github/meu_workspace/install/turtlesim/local/lib/python3.10/dist-packages/turtlesim/_turtlesim_s.ep.rosidl_typesupport_c.c
[19.578s] -- Installing: /home/olin/github/meu_workspace/install/turtlesim/local/lib/python3.10/dist-packages/turtlesim/__init__.py
[19.578s] -- Installing: /home/olin/github/meu_workspace/install/turtlesim/local/lib/python3.10/dist-packages/turtlesim/turtlesim_s__rosidl_typesupport_c.cpython-310-x86_64-linux-gnu.so
[19.578s] -- Installing: /home/olin/github/meu_workspace/install/turtlesim/local/lib/python3.10/dist-packages/turtlesim/_turtlesim_s.ep.rosidl_typesupport_fastrtps_c.c
[19.578s] -- Installing: /home/olin/github/meu_workspace/install/turtlesim/local/lib/python3.10/dist-packages/turtlesim/turtlesim_s__rosidl_typesupport_introspection_c.cpython-310-x86_64-linux-gnu.so
[19.578s] -- Installing: /home/olin/github/meu_workspace/install/turtlesim/local/lib/python3.10/dist-packages/turtlesim/action
[19.578s] -- Installing: /home/olin/github/meu_workspace/install/turtlesim/local/lib/python3.10/dist-packages/turtlesim/action/_rotate_absolute_s.c
[19.578s] -- Installing: /home/olin/github/meu_workspace/install/turtlesim/local/lib/python3.10/dist-packages/turtlesim/action/__init__.py
[19.578s] -- Installing: /home/olin/github/meu_workspace/install/turtlesim/local/lib/python3.10/dist-packages/turtlesim/action/_rotate_absolute.py
[19.578s] -- Installing: /home/olin/github/meu_workspace/install/turtlesim/local/lib/python3.10/dist-packages/turtlesim/_turtlesim_s.ep.rosidl_typesupport_introspection_c.c
[19.578s] -- Installing: /home/olin/github/meu_workspace/install/turtlesim/local/lib/python3.10/dist-packages/turtlesim/libturtlesim__rosidl_generator_py.so
[19.578s] -- Installing: /home/olin/github/meu_workspace/install/turtlesim/local/lib/python3.10/dist-packages/turtlesim/srv
[19.579s] -- Installing: /home/olin/github/meu_workspace/install/turtlesim/local/lib/python3.10/dist-packages/turtlesim/srv/_set_pen_s.c
[19.579s] -- Installing: /home/olin/github/meu_workspace/install/turtlesim/local/lib/python3.10/dist-packages/turtlesim/srv/_kill_s.c
[19.579s] -- Installing: /home/olin/github/meu_workspace/install/turtlesim/local/lib/python3.10/dist-packages/turtlesim/srv/_teleport_relative_s.c
[19.579s] -- Installing: /home/olin/github/meu_workspace/install/turtlesim/local/lib/python3.10/dist-packages/turtlesim/srv/_teleport_absolute_s.c
[19.579s] -- Installing: /home/olin/github/meu_workspace/install/turtlesim/local/lib/python3.10/dist-packages/turtlesim/srv/_spawn.py
[19.579s] -- Installing: /home/olin/github/meu_workspace/install/turtlesim/local/lib/python3.10/dist-packages/turtlesim/srv/_set_pen.py
[19.579s] -- Installing: /home/olin/github/meu_workspace/install/turtlesim/local/lib/python3.10/dist-packages/turtlesim/srv/_teleport_absolute.py
[19.579s] -- Installing: /home/olin/github/meu_workspace/install/turtlesim/local/lib/python3.10/dist-packages/turtlesim/srv/__init__.py
[19.579s] -- Installing: /home/olin/github/meu_workspace/install/turtlesim/local/lib/python3.10/dist-packages/turtlesim/srv/_kill.py
[19.579s] -- Installing: /home/olin/github/meu_workspace/install/turtlesim/local/lib/python3.10/dist-packages/turtlesim/srv/_teleport_relative.py
[19.579s] -- Installing: /home/olin/github/meu_workspace/install/turtlesim/local/lib/python3.10/dist-packages/turtlesim/srv/_spawn_s.c
[19.623s] Listing '/home/olin/github/meu_workspace/install/turtlesim/local/lib/python3.10/dist-packages/turtlesim'...
[19.623s] Compiling '/home/olin/github/meu_workspace/install/turtlesim/local/lib/python3.10/dist-packages/turtlesim/__init__.py'...
[19.623s] Listing '/home/olin/github/meu_workspace/install/turtlesim/local/lib/python3.10/dist-packages/turtlesim/action'...
[19.623s] Compiling '/home/olin/github/meu_workspace/install/turtlesim/local/lib/python3.10/dist-packages/turtlesim/action/__init__.py'...
[19.623s] Compiling '/home/olin/github/meu_workspace/install/turtlesim/local/lib/python3.10/dist-packages/turtlesim/action/_rotate_absolute.py'...
[19.623s] Listing '/home/olin/github/meu_workspace/install/turtlesim/local/lib/python3.10/dist-packages/turtlesim/msg'...
[19.623s] Compiling '/home/olin/github/meu_workspace/install/turtlesim/local/lib/python3.10/dist-packages/turtlesim/msg/__init__.py'...
[19.623s] Compiling '/home/olin/github/meu_workspace/install/turtlesim/local/lib/python3.10/dist-packages/turtlesim/msg/_color.py'...
[19.623s] Compiling '/home/olin/github/meu_workspace/install/turtlesim/local/lib/python3.10/dist-packages/turtlesim/msg/_pose.py'...
[19.623s] Listing '/home/olin/github/meu_workspace/install/turtlesim/local/lib/python3.10/dist-packages/turtlesim/srv'...
[19.623s] Compiling '/home/olin/github/meu_workspace/install/turtlesim/local/lib/python3.10/dist-packages/turtlesim/srv/__init__.py'...
[19.623s] Compiling '/home/olin/github/meu_workspace/install/turtlesim/local/lib/python3.10/dist-packages/turtlesim/srv/_kill.py'...
[19.623s] Compiling '/home/olin/github/meu_workspace/install/turtlesim/local/lib/python3.10/dist-packages/turtlesim/srv/_set_pen.py'...
[19.623s] Compiling '/home/olin/github/meu_workspace/install/turtlesim/local/lib/python3.10/dist-packages/turtlesim/srv/_spawn.py'...
[19.623s] Compiling '/home/olin/github/meu_workspace/install/turtlesim/local/lib/python3.10/dist-packages/turtlesim/srv/_teleport_absolute.py'...
[19.624s] Compiling '/home/olin/github/meu_workspace/install/turtlesim/local/lib/python3.10/dist-packages/turtlesim/srv/_teleport_relative.py'...
[19.626s] -- Installing: /home/olin/github/meu_workspace/install/turtlesim/local/lib/python3.10/dist-packages/turtlesim/turtlesim_s__rosidl_typesupport_fastrtps_c.cpython-310-x86_64-linux-gnu.so
[19.626s] -- Set runtime path of "/home/olin/github/meu_workspace/install/turtlesim/local/lib/python3.10/dist-packages/turtlesim/turtlesim_s__rosidl_typesupport_fastrtps_c.cpython-310-x86_64-linux-gnu.so" to ""
[19.626s] -- Installing: /home/olin/github/meu_workspace/install/turtlesim/local/lib/python3.10/dist-packages/turtlesim/turtlesim_s__rosidl_typesupport_introspection_c.cpython-310-x86_64-linux-gnu.so
[19.627s] -- Set runtime path of "/home/olin/github/meu_workspace/install/turtlesim/local/lib/python3.10/dist-packages/turtlesim/turtlesim_s__rosidl_typesupport_introspection_c.cpython-310-x86_64-linux-gnu.so" to ""
[19.627s] -- Installing: /home/olin/github/meu_workspace/install/turtlesim/local/lib/python3.10/dist-packages/turtlesim/turtlesim_s__rosidl_typesupport_c.cpython-310-x86_64-linux-gnu.so
[19.627s] -- Set runtime path of "/home/olin/github/meu_workspace/install/turtlesim/local/lib/python3.10/dist-packages/turtlesim/turtlesim_s__rosidl_typesupport_c.cpython-310-x86_64-linux-gnu.so" to ""
[19.627s] -- Installing: /home/olin/github/meu_workspace/install/turtlesim/lib/libturtlesim__rosidl_generator_py.so
[19.627s] -- Set runtime path of "/home/olin/github/meu_workspace/install/turtlesim/lib/libturtlesim__rosidl_generator_py.so" to ""
[19.627s] -- Installing: /home/olin/github/meu_workspace/install/turtlesim/share/turtlesim/action/RotateAbsolute.idl
[19.627s] -- Installing: /home/olin/github/meu_workspace/install/turtlesim/share/turtlesim/msg/Color.idl
[19.627s] -- Installing: /home/olin/github/meu_workspace/install/turtlesim/share/turtlesim/msg/Pose.idl
[19.627s] -- Installing: /home/olin/github/meu_workspace/install/turtlesim/share/turtlesim/srv/Kill.idl
[19.628s] -- Installing: /home/olin/github/meu_workspace/install/turtlesim/share/turtlesim/srv/SetPen.idl
[19.628s] -- Installing: /home/olin/github/meu_workspace/install/turtlesim/share/turtlesim/srv/Spawn.idl
[19.628s] -- Installing: /home/olin/github/meu_workspace/install/turtlesim/share/turtlesim/srv/TeleportAbsolute.idl
[19.628s] -- Installing: /home/olin/github/meu_workspace/install/turtlesim/share/turtlesim/srv/TeleportRelative.idl
[19.628s] -- Installing: /home/olin/github/meu_workspace/install/turtlesim/share/turtlesim/action/RotateAbsolute.action
[19.628s] -- Installing: /home/olin/github/meu_workspace/install/turtlesim/share/turtlesim/msg/Color.msg
[19.628s] -- Installing: /home/olin/github/meu_workspace/install/turtlesim/share/turtlesim/msg/Pose.msg
[19.628s] -- Installing: /home/olin/github/meu_workspace/install/turtlesim/share/turtlesim/srv/Kill.srv
[19.628s] -- Installing: /home/olin/github/meu_workspace/install/turtlesim/share/turtlesim/srv/Kill_Request.msg
[19.628s] -- Installing: /home/olin/github/meu_workspace/install/turtlesim/share/turtlesim/srv/Kill_Response.msg
[19.628s] -- Installing: /home/olin/github/meu_workspace/install/turtlesim/share/turtlesim/srv/SetPen.srv
[19.628s] -- Installing: /home/olin/github/meu_workspace/install/turtlesim/share/turtlesim/srv/SetPen_Request.msg
[19.628s] -- Installing: /home/olin/github/meu_workspace/install/turtlesim/share/turtlesim/srv/SetPen_Response.msg
[19.628s] -- Installing: /home/olin/github/meu_workspace/install/turtlesim/share/turtlesim/srv/Spawn.srv
[19.629s] -- Installing: /home/olin/github/meu_workspace/install/turtlesim/share/turtlesim/srv/Spawn_Request.msg
[19.629s] -- Installing: /home/olin/github/meu_workspace/install/turtlesim/share/turtlesim/srv/Spawn_Response.msg
[19.629s] -- Installing: /home/olin/github/meu_workspace/install/turtlesim/share/turtlesim/srv/TeleportAbsolute.srv
[19.629s] -- Installing: /home/olin/github/meu_workspace/install/turtlesim/share/turtlesim/srv/TeleportAbsolute_Request.msg
[19.629s] -- Installing: /home/olin/github/meu_workspace/install/turtlesim/share/turtlesim/srv/TeleportAbsolute_Response.msg
[19.629s] -- Installing: /home/olin/github/meu_workspace/install/turtlesim/share/turtlesim/srv/TeleportRelative.srv
[19.629s] -- Installing: /home/olin/github/meu_workspace/install/turtlesim/share/turtlesim/srv/TeleportRelative_Request.msg
[19.629s] -- Installing: /home/olin/github/meu_workspace/install/turtlesim/share/turtlesim/srv/TeleportRelative_Response.msg
[19.629s] -- Installing: /home/olin/github/meu_workspace/install/turtlesim/lib/turtlesim/turtlesim_node
[19.634s] -- Set runtime path of "/home/olin/github/meu_workspace/install/turtlesim/lib/turtlesim/turtlesim_node" to ""
[19.634s] -- Installing: /home/olin/github/meu_workspace/install/turtlesim/lib/turtlesim/turtle_teleop_key
[19.635s] -- Set runtime path of "/home/olin/github/meu_workspace/install/turtlesim/lib/turtlesim/turtle_teleop_key" to ""
[19.635s] -- Installing: /home/olin/github/meu_workspace/install/turtlesim/lib/turtlesim/draw_square
[19.637s] -- Set runtime path of "/home/olin/github/meu_workspace/install/turtlesim/lib/turtlesim/draw_square" to ""
[19.637s] -- Installing: /home/olin/github/meu_workspace/install/turtlesim/lib/turtlesim/mimic
[19.640s] -- Set runtime path of "/home/olin/github/meu_workspace/install/turtlesim/lib/turtlesim/mimic" to ""
[19.640s] -- Installing: /home/olin/github/meu_workspace/install/turtlesim/share/turtlesim/images
[19.640s] -- Installing: /home/olin/github/meu_workspace/install/turtlesim/share/turtlesim/images/eloquent.png
[19.640s] -- Installing: /home/olin/github/meu_workspace/install/turtlesim/share/turtlesim/images/bouncy.png
[19.640s] -- Installing: /home/olin/github/meu_workspace/install/turtlesim/share/turtlesim/images/foxy.png
[19.640s] -- Installing: /home/olin/github/meu_workspace/install/turtlesim/share/turtlesim/images/rolling.png
[19.640s] -- Installing: /home/olin/github/meu_workspace/install/turtlesim/share/turtlesim/images/ardent.png
[19.640s] -- Installing: /home/olin/github/meu_workspace/install/turtlesim/share/turtlesim/images/dashing.png
[19.641s] -- Installing: /home/olin/github/meu_workspace/install/turtlesim/share/turtlesim/images/galactic.png
[19.641s] -- Installing: /home/olin/github/meu_workspace/install/turtlesim/share/turtlesim/images/humble.png
[19.641s] -- Installing: /home/olin/github/meu_workspace/install/turtlesim/share/turtlesim/images/crystal.png
[19.641s] -- Installing: /home/olin/github/meu_workspace/install/turtlesim/share/turtlesim/launch
[19.641s] -- Installing: /home/olin/github/meu_workspace/install/turtlesim/share/turtlesim/launch/multisim.launch.py
[19.641s] -- Installing: /home/olin/github/meu_workspace/install/turtlesim/share/ament_index/resource_index/package_run_dependencies/turtlesim
[19.641s] -- Installing: /home/olin/github/meu_workspace/install/turtlesim/share/ament_index/resource_index/parent_prefix_path/turtlesim
[19.642s] -- Installing: /home/olin/github/meu_workspace/install/turtlesim/share/turtlesim/environment/ament_prefix_path.sh
[19.642s] -- Installing: /home/olin/github/meu_workspace/install/turtlesim/share/turtlesim/environment/ament_prefix_path.dsv
[19.642s] -- Installing: /home/olin/github/meu_workspace/install/turtlesim/share/turtlesim/environment/path.sh
[19.642s] -- Installing: /home/olin/github/meu_workspace/install/turtlesim/share/turtlesim/environment/path.dsv
[19.642s] -- Installing: /home/olin/github/meu_workspace/install/turtlesim/share/turtlesim/local_setup.bash
[19.642s] -- Installing: /home/olin/github/meu_workspace/install/turtlesim/share/turtlesim/local_setup.sh
[19.642s] -- Installing: /home/olin/github/meu_workspace/install/turtlesim/share/turtlesim/local_setup.zsh
[19.642s] -- Installing: /home/olin/github/meu_workspace/install/turtlesim/share/turtlesim/local_setup.dsv
[19.642s] -- Installing: /home/olin/github/meu_workspace/install/turtlesim/share/turtlesim/package.dsv
[19.642s] -- Installing: /home/olin/github/meu_workspace/install/turtlesim/share/ament_index/resource_index/packages/turtlesim
[19.642s] -- Installing: /home/olin/github/meu_workspace/install/turtlesim/share/turtlesim/cmake/export_turtlesim__rosidl_generator_cExport.cmake
[19.642s] -- Installing: /home/olin/github/meu_workspace/install/turtlesim/share/turtlesim/cmake/export_turtlesim__rosidl_generator_cExport-noconfig.cmake
[19.643s] -- Installing: /home/olin/github/meu_workspace/install/turtlesim/share/turtlesim/cmake/export_turtlesim__rosidl_typesupport_fastrtps_cExport.cmake
[19.643s] -- Installing: /home/olin/github/meu_workspace/install/turtlesim/share/turtlesim/cmake/export_turtlesim__rosidl_typesupport_fastrtps_cExport-noconfig.cmake
[19.643s] -- Installing: /home/olin/github/meu_workspace/install/turtlesim/share/turtlesim/cmake/export_turtlesim__rosidl_generator_cppExport.cmake
[19.643s] -- Installing: /home/olin/github/meu_workspace/install/turtlesim/share/turtlesim/cmake/export_turtlesim__rosidl_typesupport_fastrtps_cppExport.cmake
[19.643s] -- Installing: /home/olin/github/meu_workspace/install/turtlesim/share/turtlesim/cmake/export_turtlesim__rosidl_typesupport_fastrtps_cppExport-noconfig.cmake
[19.643s] -- Installing: /home/olin/github/meu_workspace/install/turtlesim/share/turtlesim/cmake/turtlesim__rosidl_typesupport_introspection_cExport.cmake
[19.643s] -- Installing: /home/olin/github/meu_workspace/install/turtlesim/share/turtlesim/cmake/turtlesim__rosidl_typesupport_introspection_cExport-noconfig.cmake
[19.643s] -- Installing: /home/olin/github/meu_workspace/install/turtlesim/share/turtlesim/cmake/turtlesim__rosidl_typesupport_cExport.cmake
[19.643s] -- Installing: /home/olin/github/meu_workspace/install/turtlesim/share/turtlesim/cmake/turtlesim__rosidl_typesupport_cExport-noconfig.cmake
[19.643s] -- Installing: /home/olin/github/meu_workspace/install/turtlesim/share/turtlesim/cmake/turtlesim__rosidl_typesupport_introspection_cppExport.cmake
[19.643s] -- Installing: /home/olin/github/meu_workspace/install/turtlesim/share/turtlesim/cmake/turtlesim__rosidl_typesupport_introspection_cppExport-noconfig.cmake
[19.643s] -- Installing: /home/olin/github/meu_workspace/install/turtlesim/share/turtlesim/cmake/turtlesim__rosidl_typesupport_cppExport.cmake
[19.643s] -- Installing: /home/olin/github/meu_workspace/install/turtlesim/share/turtlesim/cmake/turtlesim__rosidl_typesupport_cppExport-noconfig.cmake
[19.643s] -- Installing: /home/olin/github/meu_workspace/install/turtlesim/share/turtlesim/cmake/export_turtlesim__rosidl_generator_pyExport.cmake
[19.644s] -- Installing: /home/olin/github/meu_workspace/install/turtlesim/share/turtlesim/cmake/export_turtlesim__rosidl_generator_pyExport-noconfig.cmake
[19.644s] -- Installing: /home/olin/github/meu_workspace/install/turtlesim/share/turtlesim/cmake/rosidl_cmake-extras.cmake
[19.644s] -- Installing: /home/olin/github/meu_workspace/install/turtlesim/share/turtlesim/cmake/ament_cmake_export_dependencies-extras.cmake
[19.644s] -- Installing: /home/olin/github/meu_workspace/install/turtlesim/share/turtlesim/cmake/ament_cmake_export_include_directories-extras.cmake
[19.644s] -- Installing: /home/olin/github/meu_workspace/install/turtlesim/share/turtlesim/cmake/ament_cmake_export_libraries-extras.cmake
[19.644s] -- Installing: /home/olin/github/meu_workspace/install/turtlesim/share/turtlesim/cmake/ament_cmake_export_targets-extras.cmake
[19.644s] -- Installing: /home/olin/github/meu_workspace/install/turtlesim/share/turtlesim/cmake/rosidl_cmake_export_typesupport_targets-extras.cmake
[19.644s] -- Installing: /home/olin/github/meu_workspace/install/turtlesim/share/turtlesim/cmake/rosidl_cmake_export_typesupport_libraries-extras.cmake
[19.644s] -- Installing: /home/olin/github/meu_workspace/install/turtlesim/share/turtlesim/cmake/turtlesimConfig.cmake
[19.644s] -- Installing: /home/olin/github/meu_workspace/install/turtlesim/share/turtlesim/cmake/turtlesimConfig-version.cmake
[19.644s] -- Installing: /home/olin/github/meu_workspace/install/turtlesim/share/turtlesim/package.xml
[19.646s] Invoked command in '/home/olin/github/meu_workspace/build/turtlesim' returned '0': CMAKE_PREFIX_PATH=/opt/ros/humble /usr/bin/cmake --install /home/olin/github/meu_workspace/build/turtlesim
