[0.601s] Invoking command in '/home/olin/github/meu_workspace/src/ola_mundo': PYTHONPATH=/home/olin/github/meu_workspace/build/ola_mundo/prefix_override:/home/olin/github/meu_workspace/install/ola_mundo/lib/python3.10/site-packages:${PYTHONPATH} /usr/bin/python3 -W ignore:setup.py install is deprecated setup.py egg_info --egg-base ../../build/ola_mundo build --build-base /home/olin/github/meu_workspace/build/ola_mundo/build install --record /home/olin/github/meu_workspace/build/ola_mundo/install.log --single-version-externally-managed install_data
[0.758s] running egg_info
[0.758s] writing ../../build/ola_mundo/ola_mundo.egg-info/PKG-INFO
[0.758s] writing dependency_links to ../../build/ola_mundo/ola_mundo.egg-info/dependency_links.txt
[0.758s] writing entry points to ../../build/ola_mundo/ola_mundo.egg-info/entry_points.txt
[0.758s] writing requirements to ../../build/ola_mundo/ola_mundo.egg-info/requires.txt
[0.759s] writing top-level names to ../../build/ola_mundo/ola_mundo.egg-info/top_level.txt
[0.760s] reading manifest file '../../build/ola_mundo/ola_mundo.egg-info/SOURCES.txt'
[0.760s] writing manifest file '../../build/ola_mundo/ola_mundo.egg-info/SOURCES.txt'
[0.760s] running build
[0.760s] running build_py
[0.760s] running install
[0.761s] running install_lib
[0.761s] running install_data
[0.761s] running install_egg_info
[0.762s] removing '/home/olin/github/meu_workspace/install/ola_mundo/lib/python3.10/site-packages/ola_mundo-0.0.0-py3.10.egg-info' (and everything under it)
[0.763s] Copying ../../build/ola_mundo/ola_mundo.egg-info to /home/olin/github/meu_workspace/install/ola_mundo/lib/python3.10/site-packages/ola_mundo-0.0.0-py3.10.egg-info
[0.763s] running install_scripts
[0.780s] Installing ola script to /home/olin/github/meu_workspace/install/ola_mundo/lib/ola_mundo
[0.780s] writing list of installed files to '/home/olin/github/meu_workspace/build/ola_mundo/install.log'
[0.799s] Invoked command in '/home/olin/github/meu_workspace/src/ola_mundo' returned '0': PYTHONPATH=/home/olin/github/meu_workspace/build/ola_mundo/prefix_override:/home/olin/github/meu_workspace/install/ola_mundo/lib/python3.10/site-packages:${PYTHONPATH} /usr/bin/python3 -W ignore:setup.py install is deprecated setup.py egg_info --egg-base ../../build/ola_mundo build --build-base /home/olin/github/meu_workspace/build/ola_mundo/build install --record /home/olin/github/meu_workspace/build/ola_mundo/install.log --single-version-externally-managed install_data
